"D:/UnrealProjects/FishFlock/Content/FishForFishSchoolSystem/Meshes/Fish_Skeleton.uasset" 0
"D:/UnrealProjects/FishFlock/Content/FishForFishSchoolSystem/Meshes/Fish_Skeleton.uexp" 1
"D:/UnrealProjects/FishFlock/Content/FishForFishSchoolSystem/Meshes/Marlin/Marlin_PhysicsAsset.uasset" 2
"D:/UnrealProjects/FishFlock/Content/FishForFishSchoolSystem/Meshes/Marlin/Marlin_PhysicsAsset.uexp" 3
"D:/UnrealProjects/FishFlock/Content/FishForFishSchoolSystem/Textures/Marlin/T_BlueMarlin_Norm.ubulk" 4
"D:/UnrealProjects/FishFlock/Content/FishForFishSchoolSystem/Textures/Marlin/T_BlueMarlin_Norm.uasset" 5
"D:/UnrealProjects/FishFlock/Content/FishForFishSchoolSystem/Textures/Marlin/T_BlueMarlin_Norm.uexp" 6
"../../../Engine/Content/Functions/Engine_MaterialFunctions02/Utility/BlendAngleCorrectedNormals.uasset" 7
"../../../Engine/Content/Functions/Engine_MaterialFunctions02/Utility/BlendAngleCorrectedNormals.uexp" 8
"D:/UnrealProjects/FishFlock/Content/FishForFishSchoolSystem/Textures/Marlin/T_BlueMarlin_Dif.uasset" 9
"D:/UnrealProjects/FishFlock/Content/FishForFishSchoolSystem/Textures/Marlin/T_BlueMarlin_Dif.uexp" 10
"D:/UnrealProjects/FishFlock/Content/FishForFishSchoolSystem/Textures/T_White.uasset" 11
"D:/UnrealProjects/FishFlock/Content/FishForFishSchoolSystem/Textures/T_White.uexp" 12
"D:/UnrealProjects/FishFlock/Content/FishForFishSchoolSystem/Textures/Marlin/T_BlueMarlin_Mask.ubulk" 13
"D:/UnrealProjects/FishFlock/Content/FishForFishSchoolSystem/Textures/Marlin/T_BlueMarlin_Mask.uasset" 14
"D:/UnrealProjects/FishFlock/Content/FishForFishSchoolSystem/Textures/Marlin/T_BlueMarlin_Mask.uexp" 15
"D:/UnrealProjects/FishFlock/Content/FishForFishSchoolSystem/Textures/T_Sand_Normal.ubulk" 16
"D:/UnrealProjects/FishFlock/Content/FishForFishSchoolSystem/Textures/T_Sand_Normal.uasset" 17
"D:/UnrealProjects/FishFlock/Content/FishForFishSchoolSystem/Textures/T_Sand_Normal.uexp" 18
"D:/UnrealProjects/FishFlock/Content/FishForFishSchoolSystem/Textures/Marlin/T_BlueMarlin_Opacity.ubulk" 19
"D:/UnrealProjects/FishFlock/Content/FishForFishSchoolSystem/Textures/Marlin/T_BlueMarlin_Opacity.uasset" 20
"D:/UnrealProjects/FishFlock/Content/FishForFishSchoolSystem/Textures/Marlin/T_BlueMarlin_Opacity.uexp" 21
"D:/UnrealProjects/FishFlock/Content/FishForFishSchoolSystem/Materials/M_Fish_Masked.uasset" 22
"D:/UnrealProjects/FishFlock/Content/FishForFishSchoolSystem/Materials/M_Fish_Masked.uexp" 23
"D:/UnrealProjects/FishFlock/Content/FishForFishSchoolSystem/Textures/Marlin/T_BlueMarlin_EyeMask.ubulk" 24
"D:/UnrealProjects/FishFlock/Content/FishForFishSchoolSystem/Textures/Marlin/T_BlueMarlin_EyeMask.uasset" 25
"D:/UnrealProjects/FishFlock/Content/FishForFishSchoolSystem/Textures/Marlin/T_BlueMarlin_EyeMask.uexp" 26
"D:/UnrealProjects/FishFlock/Content/FishForFishSchoolSystem/Materials/Marlin/MI_Marlin.uasset" 27
"D:/UnrealProjects/FishFlock/Content/FishForFishSchoolSystem/Materials/Marlin/MI_Marlin.uexp" 28
"D:/UnrealProjects/FishFlock/Content/FishForFishSchoolSystem/Meshes/Marlin/SK_Marlin.uasset" 29
"D:/UnrealProjects/FishFlock/Content/FishForFishSchoolSystem/Meshes/Marlin/SK_Marlin.uexp" 30
"D:/UnrealProjects/FishFlock/Content/FishForFishSchoolSystem/Meshes/Barracuda/Barracuda_PhysicsAsset.uasset" 31
"D:/UnrealProjects/FishFlock/Content/FishForFishSchoolSystem/Meshes/Barracuda/Barracuda_PhysicsAsset.uexp" 32
"D:/UnrealProjects/FishFlock/Content/FishForFishSchoolSystem/Textures/Barracuda/T_Barracuda_Dif.ubulk" 33
"D:/UnrealProjects/FishFlock/Content/FishForFishSchoolSystem/Textures/Barracuda/T_Barracuda_Dif.uasset" 34
"D:/UnrealProjects/FishFlock/Content/FishForFishSchoolSystem/Textures/Barracuda/T_Barracuda_Dif.uexp" 35
"D:/UnrealProjects/FishFlock/Content/FishForFishSchoolSystem/Textures/Barracuda/T_Barracuda_Norm.ubulk" 36
"D:/UnrealProjects/FishFlock/Content/FishForFishSchoolSystem/Textures/Barracuda/T_Barracuda_Norm.uasset" 37
"D:/UnrealProjects/FishFlock/Content/FishForFishSchoolSystem/Textures/Barracuda/T_Barracuda_Norm.uexp" 38
"D:/UnrealProjects/FishFlock/Content/FishForFishSchoolSystem/Textures/Barracuda/T_Barracuda_NormMask.ubulk" 39
"D:/UnrealProjects/FishFlock/Content/FishForFishSchoolSystem/Textures/Barracuda/T_Barracuda_NormMask.uasset" 40
"D:/UnrealProjects/FishFlock/Content/FishForFishSchoolSystem/Textures/Barracuda/T_Barracuda_NormMask.uexp" 41
"D:/UnrealProjects/FishFlock/Content/FishForFishSchoolSystem/Textures/Barracuda/T_Barracuda_Opacity.ubulk" 42
"D:/UnrealProjects/FishFlock/Content/FishForFishSchoolSystem/Textures/Barracuda/T_Barracuda_Opacity.uasset" 43
"D:/UnrealProjects/FishFlock/Content/FishForFishSchoolSystem/Textures/Barracuda/T_Barracuda_Opacity.uexp" 44
"D:/UnrealProjects/FishFlock/Content/FishForFishSchoolSystem/Textures/Barracuda/T_Barracuda_EyeMask.ubulk" 45
"D:/UnrealProjects/FishFlock/Content/FishForFishSchoolSystem/Textures/Barracuda/T_Barracuda_EyeMask.uasset" 46
"D:/UnrealProjects/FishFlock/Content/FishForFishSchoolSystem/Textures/Barracuda/T_Barracuda_EyeMask.uexp" 47
"D:/UnrealProjects/FishFlock/Content/FishForFishSchoolSystem/Materials/Barracuda/MI_Barracuda.uasset" 48
"D:/UnrealProjects/FishFlock/Content/FishForFishSchoolSystem/Materials/Barracuda/MI_Barracuda.uexp" 49
"D:/UnrealProjects/FishFlock/Content/FishForFishSchoolSystem/Meshes/Barracuda/SK_Barracuda.uasset" 50
"D:/UnrealProjects/FishFlock/Content/FishForFishSchoolSystem/Meshes/Barracuda/SK_Barracuda.uexp" 51
"../../../Engine/Plugins/Runtime/HairStrands/Content/Materials/HairMeshesDefaultMaterial.uasset" 52
"../../../Engine/Plugins/Runtime/HairStrands/Content/Materials/HairMeshesDefaultMaterial.uexp" 53
"../../../Engine/Plugins/Runtime/HairStrands/Content/Materials/HairDefaultMaterial.uasset" 54
"../../../Engine/Plugins/Runtime/HairStrands/Content/Materials/HairDefaultMaterial.uexp" 55
"../../../Engine/Plugins/Runtime/HairStrands/Content/Materials/HairGroupColors.uasset" 56
"../../../Engine/Plugins/Runtime/HairStrands/Content/Materials/HairGroupColors.uexp" 57
"../../../Engine/Content/Functions/Engine_MaterialFunctions02/Utility/MakeFloat2.uasset" 58
"../../../Engine/Content/Functions/Engine_MaterialFunctions02/Utility/MakeFloat2.uexp" 59
"../../../Engine/Content/Functions/Engine_MaterialFunctions02/Utility/MakeFloat3.uasset" 60
"../../../Engine/Content/Functions/Engine_MaterialFunctions02/Utility/MakeFloat3.uexp" 61
"../../../Engine/Content/EngineMaterials/HairColorMap.uasset" 62
"../../../Engine/Content/EngineMaterials/HairColorMap.uexp" 63
"../../../Engine/Content/EngineMaterials/HairDebugColor.uasset" 64
"../../../Engine/Content/EngineMaterials/HairDebugColor.uexp" 65
"../../../Engine/Plugins/Runtime/HairStrands/Content/Materials/HairDebugMaterial.uasset" 66
"../../../Engine/Plugins/Runtime/HairStrands/Content/Materials/HairDebugMaterial.uexp" 67
"../../../Engine/Plugins/Runtime/HairStrands/Content/Materials/HairCardsDefaultMaterial.uasset" 68
"../../../Engine/Plugins/Runtime/HairStrands/Content/Materials/HairCardsDefaultMaterial.uexp" 69
"../../../Engine/Plugins/Editor/SpeedTreeImporter/Content/SpeedTree9/game_wind_noise.ubulk" 70
"../../../Engine/Plugins/Editor/SpeedTreeImporter/Content/SpeedTree9/game_wind_noise.uasset" 71
"../../../Engine/Plugins/Editor/SpeedTreeImporter/Content/SpeedTree9/game_wind_noise.uexp" 72
"../../../Engine/Plugins/Editor/SpeedTreeImporter/Content/SpeedTree9/UnpackDirection.uasset" 73
"../../../Engine/Plugins/Editor/SpeedTreeImporter/Content/SpeedTree9/UnpackDirection.uexp" 74
"../../../Engine/Content/Functions/Engine_MaterialFunctions02/ObjectLocalBounds.uasset" 75
"../../../Engine/Content/Functions/Engine_MaterialFunctions02/ObjectLocalBounds.uexp" 76
"../../../Engine/Content/Functions/Engine_MaterialFunctions02/Utility/BreakOutFloat3Components.uasset" 77
"../../../Engine/Content/Functions/Engine_MaterialFunctions02/Utility/BreakOutFloat3Components.uexp" 78
"../../../Engine/Content/Functions/Engine_MaterialFunctions02/UVs/BoundingBoxBased_0-1_UVW.uasset" 79
"../../../Engine/Content/Functions/Engine_MaterialFunctions02/UVs/BoundingBoxBased_0-1_UVW.uexp" 80
"../../../Engine/Content/Functions/Engine_MaterialFunctions02/Utility/VectorLength.uasset" 81
"../../../Engine/Content/Functions/Engine_MaterialFunctions02/Utility/VectorLength.uexp" 82
"../../../Engine/Plugins/Editor/SpeedTreeImporter/Content/SpeedTree9/UnpackInteger3.uasset" 83
"../../../Engine/Plugins/Editor/SpeedTreeImporter/Content/SpeedTree9/UnpackInteger3.uexp" 84
"../../../Engine/Plugins/Editor/SpeedTreeImporter/Content/SpeedTree9/SpeedTreeCameraFacing.uasset" 85
"../../../Engine/Plugins/Editor/SpeedTreeImporter/Content/SpeedTree9/SpeedTreeCameraFacing.uexp" 86
"../../../Engine/Content/Functions/Engine_MaterialFunctions02/WorldPositionOffset/ObjectScale.uasset" 87
"../../../Engine/Content/Functions/Engine_MaterialFunctions02/WorldPositionOffset/ObjectScale.uexp" 88
"../../../Engine/Content/Functions/Engine_MaterialFunctions02/SafeNormalize.uasset" 89
"../../../Engine/Content/Functions/Engine_MaterialFunctions02/SafeNormalize.uexp" 90
"../../../Engine/Plugins/Editor/SpeedTreeImporter/Content/SpeedTree9/SpeedTreeWindMotion.uasset" 91
"../../../Engine/Plugins/Editor/SpeedTreeImporter/Content/SpeedTree9/SpeedTreeWindMotion.uexp" 92
"../../../Engine/Plugins/Editor/SpeedTreeImporter/Content/SpeedTree9/SpeedTreeBranchMotion.uasset" 93
"../../../Engine/Plugins/Editor/SpeedTreeImporter/Content/SpeedTree9/SpeedTreeBranchMotion.uexp" 94
"../../../Engine/Plugins/Editor/SpeedTreeImporter/Content/SpeedTree9/SpeedTreeWind.uasset" 95
"../../../Engine/Plugins/Editor/SpeedTreeImporter/Content/SpeedTree9/SpeedTreeWind.uexp" 96
"../../../Engine/Plugins/Editor/SpeedTreeImporter/Content/SpeedTree9/EmptyNormal.uasset" 97
"../../../Engine/Plugins/Editor/SpeedTreeImporter/Content/SpeedTree9/EmptyNormal.uexp" 98
"../../../Engine/Plugins/Editor/SpeedTreeImporter/Content/SpeedTree9/Empty.uasset" 99
"../../../Engine/Plugins/Editor/SpeedTreeImporter/Content/SpeedTree9/Empty.uexp" 100
"../../../Engine/Plugins/Editor/SpeedTreeImporter/Content/SpeedTree9/SpeedTreeMaster.uasset" 101
"../../../Engine/Plugins/Editor/SpeedTreeImporter/Content/SpeedTree9/SpeedTreeMaster.uexp" 102
"../../../Engine/Plugins/Editor/SpeedTreeImporter/Content/SpeedTree9/SpeedTreeBillboard.uasset" 103
"../../../Engine/Plugins/Editor/SpeedTreeImporter/Content/SpeedTree9/SpeedTreeBillboard.uexp" 104
"../../../Engine/Plugins/Editor/SpeedTreeImporter/Content/SpeedTree9/SpeedTreeBillboardMaster.uasset" 105
"../../../Engine/Plugins/Editor/SpeedTreeImporter/Content/SpeedTree9/SpeedTreeBillboardMaster.uexp" 106
"../../../Engine/Content/Functions/Engine_MaterialFunctions02/WorldPositionOffset/CameraOffset.uasset" 107
"../../../Engine/Content/Functions/Engine_MaterialFunctions02/WorldPositionOffset/CameraOffset.uexp" 108
"../../../Engine/Plugins/Animation/ControlRig/Content/M_Manip.uasset" 109
"../../../Engine/Plugins/Animation/ControlRig/Content/M_Manip.uexp" 110
"../../../Engine/Plugins/Animation/ControlRig/Content/Controls/DefaultGizmoLibraryNormalized.uasset" 111
"../../../Engine/Plugins/Animation/ControlRig/Content/Controls/DefaultGizmoLibraryNormalized.uexp" 112
"../../../Engine/Content/EngineMaterials/T_Default_Material_Grid_M.ubulk" 113
"../../../Engine/Content/EngineMaterials/T_Default_Material_Grid_M.uasset" 114
"../../../Engine/Content/EngineMaterials/T_Default_Material_Grid_M.uexp" 115
"../../../Engine/Content/EngineMaterials/T_Default_Material_Grid_N.ubulk" 116
"../../../Engine/Content/EngineMaterials/T_Default_Material_Grid_N.uasset" 117
"../../../Engine/Content/EngineMaterials/T_Default_Material_Grid_N.uexp" 118
"../../../Engine/Content/Functions/Engine_MaterialFunctions01/Opacity/CameraDepthFade.uasset" 119
"../../../Engine/Content/Functions/Engine_MaterialFunctions01/Opacity/CameraDepthFade.uexp" 120
"../../../Engine/Content/EngineMaterials/WorldGridMaterial.uasset" 121
"../../../Engine/Content/EngineMaterials/WorldGridMaterial.uexp" 122
"../../../Engine/Plugins/Animation/ControlRig/Content/Controls/ControlRig_Wedge_solid.ubulk" 123
"../../../Engine/Plugins/Animation/ControlRig/Content/Controls/ControlRig_Wedge_solid.uasset" 124
"../../../Engine/Plugins/Animation/ControlRig/Content/Controls/ControlRig_Wedge_solid.uexp" 125
"../../../Engine/Plugins/Animation/ControlRig/Content/Controls/ControlRig_Wedge_3mm.ubulk" 126
"../../../Engine/Plugins/Animation/ControlRig/Content/Controls/ControlRig_Wedge_3mm.uasset" 127
"../../../Engine/Plugins/Animation/ControlRig/Content/Controls/ControlRig_Wedge_3mm.uexp" 128
"../../../Engine/Plugins/Animation/ControlRig/Content/Controls/ControlRig_Wedge_1mm.ubulk" 129
"../../../Engine/Plugins/Animation/ControlRig/Content/Controls/ControlRig_Wedge_1mm.uasset" 130
"../../../Engine/Plugins/Animation/ControlRig/Content/Controls/ControlRig_Wedge_1mm.uexp" 131
"../../../Engine/Plugins/Animation/ControlRig/Content/Controls/ControlRig_Triangle_solid.ubulk" 132
"../../../Engine/Plugins/Animation/ControlRig/Content/Controls/ControlRig_Triangle_solid.uasset" 133
"../../../Engine/Plugins/Animation/ControlRig/Content/Controls/ControlRig_Triangle_solid.uexp" 134
"../../../Engine/Plugins/Animation/ControlRig/Content/Controls/ControlRig_Triangle_3mm.ubulk" 135
"../../../Engine/Plugins/Animation/ControlRig/Content/Controls/ControlRig_Triangle_3mm.uasset" 136
"../../../Engine/Plugins/Animation/ControlRig/Content/Controls/ControlRig_Triangle_3mm.uexp" 137
"../../../Engine/Plugins/Animation/ControlRig/Content/Controls/ControlRig_Triangle_1mm.ubulk" 138
"../../../Engine/Plugins/Animation/ControlRig/Content/Controls/ControlRig_Triangle_1mm.uasset" 139
"../../../Engine/Plugins/Animation/ControlRig/Content/Controls/ControlRig_Triangle_1mm.uexp" 140
"../../../Engine/Plugins/Animation/ControlRig/Content/Controls/ControlRig_Star4_solid.ubulk" 141
"../../../Engine/Plugins/Animation/ControlRig/Content/Controls/ControlRig_Star4_solid.uasset" 142
"../../../Engine/Plugins/Animation/ControlRig/Content/Controls/ControlRig_Star4_solid.uexp" 143
"../../../Engine/Plugins/Animation/ControlRig/Content/Controls/ControlRig_Star4_3mm.ubulk" 144
"../../../Engine/Plugins/Animation/ControlRig/Content/Controls/ControlRig_Star4_3mm.uasset" 145
"../../../Engine/Plugins/Animation/ControlRig/Content/Controls/ControlRig_Star4_3mm.uexp" 146
"../../../Engine/Plugins/Animation/ControlRig/Content/Controls/ControlRig_Star4_1mm.ubulk" 147
"../../../Engine/Plugins/Animation/ControlRig/Content/Controls/ControlRig_Star4_1mm.uasset" 148
"../../../Engine/Plugins/Animation/ControlRig/Content/Controls/ControlRig_Star4_1mm.uexp" 149
"../../../Engine/Plugins/Animation/ControlRig/Content/Controls/ControlRig_Square_solid.ubulk" 150
"../../../Engine/Plugins/Animation/ControlRig/Content/Controls/ControlRig_Square_solid.uasset" 151
"../../../Engine/Plugins/Animation/ControlRig/Content/Controls/ControlRig_Square_solid.uexp" 152
"../../../Engine/Plugins/Animation/ControlRig/Content/Controls/ControlRig_Square_3mm.ubulk" 153
"../../../Engine/Plugins/Animation/ControlRig/Content/Controls/ControlRig_Square_3mm.uasset" 154
"../../../Engine/Plugins/Animation/ControlRig/Content/Controls/ControlRig_Square_3mm.uexp" 155
"../../../Engine/Plugins/Animation/ControlRig/Content/Controls/ControlRig_Square_1mm.ubulk" 156
"../../../Engine/Plugins/Animation/ControlRig/Content/Controls/ControlRig_Square_1mm.uasset" 157
"../../../Engine/Plugins/Animation/ControlRig/Content/Controls/ControlRig_Square_1mm.uexp" 158
"../../../Engine/Plugins/Animation/ControlRig/Content/Controls/ControlRig_Sphere_solid.ubulk" 159
"../../../Engine/Plugins/Animation/ControlRig/Content/Controls/ControlRig_Sphere_solid.uasset" 160
"../../../Engine/Plugins/Animation/ControlRig/Content/Controls/ControlRig_Sphere_solid.uexp" 161
"../../../Engine/Plugins/Animation/ControlRig/Content/Controls/ControlRig_Sphere_3mm.ubulk" 162
"../../../Engine/Plugins/Animation/ControlRig/Content/Controls/ControlRig_Sphere_3mm.uasset" 163
"../../../Engine/Plugins/Animation/ControlRig/Content/Controls/ControlRig_Sphere_3mm.uexp" 164
"../../../Engine/Plugins/Animation/ControlRig/Content/Controls/ControlRig_Sphere_1mm.ubulk" 165
"../../../Engine/Plugins/Animation/ControlRig/Content/Controls/ControlRig_Sphere_1mm.uasset" 166
"../../../Engine/Plugins/Animation/ControlRig/Content/Controls/ControlRig_Sphere_1mm.uexp" 167
"../../../Engine/Plugins/Animation/ControlRig/Content/Controls/ControlRig_RoundedTriangle_solid.ubulk" 168
"../../../Engine/Plugins/Animation/ControlRig/Content/Controls/ControlRig_RoundedTriangle_solid.uasset" 169
"../../../Engine/Plugins/Animation/ControlRig/Content/Controls/ControlRig_RoundedTriangle_solid.uexp" 170
"../../../Engine/Plugins/Animation/ControlRig/Content/Controls/ControlRig_RoundedTriangle_3mm.ubulk" 171
"../../../Engine/Plugins/Animation/ControlRig/Content/Controls/ControlRig_RoundedTriangle_3mm.uasset" 172
"../../../Engine/Plugins/Animation/ControlRig/Content/Controls/ControlRig_RoundedTriangle_3mm.uexp" 173
"../../../Engine/Plugins/Animation/ControlRig/Content/Controls/ControlRig_RoundedTriangle_1mm.ubulk" 174
"../../../Engine/Plugins/Animation/ControlRig/Content/Controls/ControlRig_RoundedTriangle_1mm.uasset" 175
"../../../Engine/Plugins/Animation/ControlRig/Content/Controls/ControlRig_RoundedTriangle_1mm.uexp" 176
"../../../Engine/Plugins/Animation/ControlRig/Content/Controls/ControlRig_RoundedSquare_solid.ubulk" 177
"../../../Engine/Plugins/Animation/ControlRig/Content/Controls/ControlRig_RoundedSquare_solid.uasset" 178
"../../../Engine/Plugins/Animation/ControlRig/Content/Controls/ControlRig_RoundedSquare_solid.uexp" 179
"../../../Engine/Plugins/Animation/ControlRig/Content/Controls/ControlRig_RoundedSquare_3mm.ubulk" 180
"../../../Engine/Plugins/Animation/ControlRig/Content/Controls/ControlRig_RoundedSquare_3mm.uasset" 181
"../../../Engine/Plugins/Animation/ControlRig/Content/Controls/ControlRig_RoundedSquare_3mm.uexp" 182
"../../../Engine/Plugins/Animation/ControlRig/Content/Controls/ControlRig_RoundedSquare_1mm.ubulk" 183
"../../../Engine/Plugins/Animation/ControlRig/Content/Controls/ControlRig_RoundedSquare_1mm.uasset" 184
"../../../Engine/Plugins/Animation/ControlRig/Content/Controls/ControlRig_RoundedSquare_1mm.uexp" 185
"../../../Engine/Plugins/Animation/ControlRig/Content/Controls/ControlRig_QuarterCircle_solid.ubulk" 186
"../../../Engine/Plugins/Animation/ControlRig/Content/Controls/ControlRig_QuarterCircle_solid.uasset" 187
"../../../Engine/Plugins/Animation/ControlRig/Content/Controls/ControlRig_QuarterCircle_solid.uexp" 188
"../../../Engine/Plugins/Animation/ControlRig/Content/Controls/ControlRig_QuarterCircle_3mm.ubulk" 189
"../../../Engine/Plugins/Animation/ControlRig/Content/Controls/ControlRig_QuarterCircle_3mm.uasset" 190
"../../../Engine/Plugins/Animation/ControlRig/Content/Controls/ControlRig_QuarterCircle_3mm.uexp" 191
"../../../Engine/Plugins/Animation/ControlRig/Content/Controls/ControlRig_QuarterCircle_1mm.ubulk" 192
"../../../Engine/Plugins/Animation/ControlRig/Content/Controls/ControlRig_QuarterCircle_1mm.uasset" 193
"../../../Engine/Plugins/Animation/ControlRig/Content/Controls/ControlRig_QuarterCircle_1mm.uexp" 194
"../../../Engine/Plugins/Animation/ControlRig/Content/Controls/ControlRig_Pyramid_solid.ubulk" 195
"../../../Engine/Plugins/Animation/ControlRig/Content/Controls/ControlRig_Pyramid_solid.uasset" 196
"../../../Engine/Plugins/Animation/ControlRig/Content/Controls/ControlRig_Pyramid_solid.uexp" 197
"../../../Engine/Plugins/Animation/ControlRig/Content/Controls/ControlRig_Pyramid_3mm.ubulk" 198
"../../../Engine/Plugins/Animation/ControlRig/Content/Controls/ControlRig_Pyramid_3mm.uasset" 199
"../../../Engine/Plugins/Animation/ControlRig/Content/Controls/ControlRig_Pyramid_3mm.uexp" 200
"../../../Engine/Plugins/Animation/ControlRig/Content/Controls/ControlRig_Pyramid_1mm.ubulk" 201
"../../../Engine/Plugins/Animation/ControlRig/Content/Controls/ControlRig_Pyramid_1mm.uasset" 202
"../../../Engine/Plugins/Animation/ControlRig/Content/Controls/ControlRig_Pyramid_1mm.uexp" 203
"../../../Engine/Plugins/Animation/ControlRig/Content/Controls/ControlRig_Octagon_solid.ubulk" 204
"../../../Engine/Plugins/Animation/ControlRig/Content/Controls/ControlRig_Octagon_solid.uasset" 205
"../../../Engine/Plugins/Animation/ControlRig/Content/Controls/ControlRig_Octagon_solid.uexp" 206
"../../../Engine/Plugins/Animation/ControlRig/Content/Controls/ControlRig_Octagon_3mm.ubulk" 207
"../../../Engine/Plugins/Animation/ControlRig/Content/Controls/ControlRig_Octagon_3mm.uasset" 208
"../../../Engine/Plugins/Animation/ControlRig/Content/Controls/ControlRig_Octagon_3mm.uexp" 209
"../../../Engine/Plugins/Animation/ControlRig/Content/Controls/ControlRig_Octagon_1mm.ubulk" 210
"../../../Engine/Plugins/Animation/ControlRig/Content/Controls/ControlRig_Octagon_1mm.uasset" 211
"../../../Engine/Plugins/Animation/ControlRig/Content/Controls/ControlRig_Octagon_1mm.uexp" 212
"../../../Engine/Plugins/Animation/ControlRig/Content/Controls/ControlRig_Hexagon_solid.ubulk" 213
"../../../Engine/Plugins/Animation/ControlRig/Content/Controls/ControlRig_Hexagon_solid.uasset" 214
"../../../Engine/Plugins/Animation/ControlRig/Content/Controls/ControlRig_Hexagon_solid.uexp" 215
"../../../Engine/Plugins/Animation/ControlRig/Content/Controls/ControlRig_Hexagon_3mm.ubulk" 216
"../../../Engine/Plugins/Animation/ControlRig/Content/Controls/ControlRig_Hexagon_3mm.uasset" 217
"../../../Engine/Plugins/Animation/ControlRig/Content/Controls/ControlRig_Hexagon_3mm.uexp" 218
"../../../Engine/Plugins/Animation/ControlRig/Content/Controls/ControlRig_Hexagon_1mm.ubulk" 219
"../../../Engine/Plugins/Animation/ControlRig/Content/Controls/ControlRig_Hexagon_1mm.uasset" 220
"../../../Engine/Plugins/Animation/ControlRig/Content/Controls/ControlRig_Hexagon_1mm.uexp" 221
"../../../Engine/Plugins/Animation/ControlRig/Content/Controls/ControlRig_HalfCircle_solid.ubulk" 222
"../../../Engine/Plugins/Animation/ControlRig/Content/Controls/ControlRig_HalfCircle_solid.uasset" 223
"../../../Engine/Plugins/Animation/ControlRig/Content/Controls/ControlRig_HalfCircle_solid.uexp" 224
"../../../Engine/Plugins/Animation/ControlRig/Content/Controls/ControlRig_HalfCircle_3mm.ubulk" 225
"../../../Engine/Plugins/Animation/ControlRig/Content/Controls/ControlRig_HalfCircle_3mm.uasset" 226
"../../../Engine/Plugins/Animation/ControlRig/Content/Controls/ControlRig_HalfCircle_3mm.uexp" 227
"../../../Engine/Plugins/Animation/ControlRig/Content/Controls/ControlRig_HalfCircle_1mm.ubulk" 228
"../../../Engine/Plugins/Animation/ControlRig/Content/Controls/ControlRig_HalfCircle_1mm.uasset" 229
"../../../Engine/Plugins/Animation/ControlRig/Content/Controls/ControlRig_HalfCircle_1mm.uexp" 230
"../../../Engine/Plugins/Animation/ControlRig/Content/Controls/ControlRig_Diamond_solid.ubulk" 231
"../../../Engine/Plugins/Animation/ControlRig/Content/Controls/ControlRig_Diamond_solid.uasset" 232
"../../../Engine/Plugins/Animation/ControlRig/Content/Controls/ControlRig_Diamond_solid.uexp" 233
"../../../Engine/Plugins/Animation/ControlRig/Content/Controls/ControlRig_Diamond_3mm.ubulk" 234
"../../../Engine/Plugins/Animation/ControlRig/Content/Controls/ControlRig_Diamond_3mm.uasset" 235
"../../../Engine/Plugins/Animation/ControlRig/Content/Controls/ControlRig_Diamond_3mm.uexp" 236
"../../../Engine/Plugins/Animation/ControlRig/Content/Controls/ControlRig_Diamond_1mm.ubulk" 237
"../../../Engine/Plugins/Animation/ControlRig/Content/Controls/ControlRig_Diamond_1mm.uasset" 238
"../../../Engine/Plugins/Animation/ControlRig/Content/Controls/ControlRig_Diamond_1mm.uexp" 239
"../../../Engine/Plugins/Animation/ControlRig/Content/Controls/ControlRig_Circle_solid.ubulk" 240
"../../../Engine/Plugins/Animation/ControlRig/Content/Controls/ControlRig_Circle_solid.uasset" 241
"../../../Engine/Plugins/Animation/ControlRig/Content/Controls/ControlRig_Circle_solid.uexp" 242
"../../../Engine/Plugins/Animation/ControlRig/Content/Controls/ControlRig_Circle_3mm.ubulk" 243
"../../../Engine/Plugins/Animation/ControlRig/Content/Controls/ControlRig_Circle_3mm.uasset" 244
"../../../Engine/Plugins/Animation/ControlRig/Content/Controls/ControlRig_Circle_3mm.uexp" 245
"../../../Engine/Plugins/Animation/ControlRig/Content/Controls/ControlRig_Circle_1mm.ubulk" 246
"../../../Engine/Plugins/Animation/ControlRig/Content/Controls/ControlRig_Circle_1mm.uasset" 247
"../../../Engine/Plugins/Animation/ControlRig/Content/Controls/ControlRig_Circle_1mm.uexp" 248
"../../../Engine/Plugins/Animation/ControlRig/Content/Controls/ControlRig_Box_solid.ubulk" 249
"../../../Engine/Plugins/Animation/ControlRig/Content/Controls/ControlRig_Box_solid.uasset" 250
"../../../Engine/Plugins/Animation/ControlRig/Content/Controls/ControlRig_Box_solid.uexp" 251
"../../../Engine/Plugins/Animation/ControlRig/Content/Controls/ControlRig_Box_3mm.ubulk" 252
"../../../Engine/Plugins/Animation/ControlRig/Content/Controls/ControlRig_Box_3mm.uasset" 253
"../../../Engine/Plugins/Animation/ControlRig/Content/Controls/ControlRig_Box_3mm.uexp" 254
"../../../Engine/Plugins/Animation/ControlRig/Content/Controls/ControlRig_Box_1mm.ubulk" 255
"../../../Engine/Plugins/Animation/ControlRig/Content/Controls/ControlRig_Box_1mm.uasset" 256
"../../../Engine/Plugins/Animation/ControlRig/Content/Controls/ControlRig_Box_1mm.uexp" 257
"../../../Engine/Plugins/Animation/ControlRig/Content/Controls/ControlRig_Arrow_solid.ubulk" 258
"../../../Engine/Plugins/Animation/ControlRig/Content/Controls/ControlRig_Arrow_solid.uasset" 259
"../../../Engine/Plugins/Animation/ControlRig/Content/Controls/ControlRig_Arrow_solid.uexp" 260
"../../../Engine/Plugins/Animation/ControlRig/Content/Controls/ControlRig_Arrow_3mm.ubulk" 261
"../../../Engine/Plugins/Animation/ControlRig/Content/Controls/ControlRig_Arrow_3mm.uasset" 262
"../../../Engine/Plugins/Animation/ControlRig/Content/Controls/ControlRig_Arrow_3mm.uexp" 263
"../../../Engine/Plugins/Animation/ControlRig/Content/Controls/ControlRig_Arrow_1mm.ubulk" 264
"../../../Engine/Plugins/Animation/ControlRig/Content/Controls/ControlRig_Arrow_1mm.uasset" 265
"../../../Engine/Plugins/Animation/ControlRig/Content/Controls/ControlRig_Arrow_1mm.uexp" 266
"../../../Engine/Plugins/Animation/ControlRig/Content/Controls/ControlRig_Arrow4_solid.ubulk" 267
"../../../Engine/Plugins/Animation/ControlRig/Content/Controls/ControlRig_Arrow4_solid.uasset" 268
"../../../Engine/Plugins/Animation/ControlRig/Content/Controls/ControlRig_Arrow4_solid.uexp" 269
"../../../Engine/Plugins/Animation/ControlRig/Content/Controls/ControlRig_Arrow4_3mm.ubulk" 270
"../../../Engine/Plugins/Animation/ControlRig/Content/Controls/ControlRig_Arrow4_3mm.uasset" 271
"../../../Engine/Plugins/Animation/ControlRig/Content/Controls/ControlRig_Arrow4_3mm.uexp" 272
"../../../Engine/Plugins/Animation/ControlRig/Content/Controls/ControlRig_Arrow4_1mm.ubulk" 273
"../../../Engine/Plugins/Animation/ControlRig/Content/Controls/ControlRig_Arrow4_1mm.uasset" 274
"../../../Engine/Plugins/Animation/ControlRig/Content/Controls/ControlRig_Arrow4_1mm.uexp" 275
"../../../Engine/Plugins/Animation/ControlRig/Content/Controls/ControlRig_Arrow2_solid.ubulk" 276
"../../../Engine/Plugins/Animation/ControlRig/Content/Controls/ControlRig_Arrow2_solid.uasset" 277
"../../../Engine/Plugins/Animation/ControlRig/Content/Controls/ControlRig_Arrow2_solid.uexp" 278
"../../../Engine/Plugins/Animation/ControlRig/Content/Controls/ControlRig_Arrow2_3mm.ubulk" 279
"../../../Engine/Plugins/Animation/ControlRig/Content/Controls/ControlRig_Arrow2_3mm.uasset" 280
"../../../Engine/Plugins/Animation/ControlRig/Content/Controls/ControlRig_Arrow2_3mm.uexp" 281
"../../../Engine/Plugins/Animation/ControlRig/Content/Controls/ControlRig_Arrow2_1mm.ubulk" 282
"../../../Engine/Plugins/Animation/ControlRig/Content/Controls/ControlRig_Arrow2_1mm.uasset" 283
"../../../Engine/Plugins/Animation/ControlRig/Content/Controls/ControlRig_Arrow2_1mm.uexp" 284
"../../../Engine/Plugins/Animation/ControlRig/Content/Controls/ControlRigGizmoMaterial.uasset" 285
"../../../Engine/Plugins/Animation/ControlRig/Content/Controls/ControlRigGizmoMaterial.uexp" 286
"../../../Engine/Plugins/2D/Paper2D/Content/PlaceholderTextures/DummySpriteTexture.ubulk" 287
"../../../Engine/Plugins/2D/Paper2D/Content/PlaceholderTextures/DummySpriteTexture.uasset" 288
"../../../Engine/Plugins/2D/Paper2D/Content/PlaceholderTextures/DummySpriteTexture.uexp" 289
"../../../Engine/Plugins/2D/Paper2D/Content/DefaultSpriteMaterial.uasset" 290
"../../../Engine/Plugins/2D/Paper2D/Content/DefaultSpriteMaterial.uexp" 291
"../../../Engine/Plugins/2D/Paper2D/Content/OpaqueUnlitSpriteMaterial.uasset" 292
"../../../Engine/Plugins/2D/Paper2D/Content/OpaqueUnlitSpriteMaterial.uexp" 293
"../../../Engine/Plugins/2D/Paper2D/Content/MaskedUnlitSpriteMaterial.uasset" 294
"../../../Engine/Plugins/2D/Paper2D/Content/MaskedUnlitSpriteMaterial.uexp" 295
"../../../Engine/Plugins/2D/Paper2D/Content/DummySprite.uasset" 296
"../../../Engine/Plugins/2D/Paper2D/Content/DummySprite.uexp" 297
"../../../Engine/Plugins/2D/Paper2D/Content/DefaultPaperTerrainMaterial.uasset" 298
"../../../Engine/Plugins/2D/Paper2D/Content/DefaultPaperTerrainMaterial.uexp" 299
"../../../Engine/Content/VREditor/TransformGizmo/Main.uasset" 300
"../../../Engine/Content/VREditor/TransformGizmo/Main.uexp" 301
"../../../Engine/Content/VREditor/TransformGizmo/Xray.uasset" 302
"../../../Engine/Content/VREditor/TransformGizmo/Xray.uexp" 303
"../../../Engine/Content/VREditor/TransformGizmo/SM_Sequencer_Node.ubulk" 304
"../../../Engine/Content/VREditor/TransformGizmo/SM_Sequencer_Node.uasset" 305
"../../../Engine/Content/VREditor/TransformGizmo/SM_Sequencer_Node.uexp" 306
"../../../Engine/Content/VREditor/LaserPointer/VR_LaserPower_01.ubulk" 307
"../../../Engine/Content/VREditor/LaserPointer/VR_LaserPower_01.uasset" 308
"../../../Engine/Content/VREditor/LaserPointer/VR_LaserPower_01.uexp" 309
"../../../Engine/Content/VREditor/TransformGizmo/TransformGizmoMaterial.uasset" 310
"../../../Engine/Content/VREditor/TransformGizmo/TransformGizmoMaterial.uexp" 311
"../../../Engine/Content/VREditor/TransformGizmo/TranslucentTransformGizmoMaterial.uasset" 312
"../../../Engine/Content/VREditor/TransformGizmo/TranslucentTransformGizmoMaterial.uexp" 313
"../../../Engine/Content/VREditor/TransformGizmo/PlaneTranslationHandle.ubulk" 314
"../../../Engine/Content/VREditor/TransformGizmo/PlaneTranslationHandle.uasset" 315
"../../../Engine/Content/VREditor/TransformGizmo/PlaneTranslationHandle.uexp" 316
"../../../Engine/Content/VREditor/TransformGizmo/BoundingBoxEdge.ubulk" 317
"../../../Engine/Content/VREditor/TransformGizmo/BoundingBoxEdge.uasset" 318
"../../../Engine/Content/VREditor/TransformGizmo/BoundingBoxEdge.uexp" 319
"../../../Engine/Content/VREditor/TransformGizmo/BoundingBoxCorner.ubulk" 320
"../../../Engine/Content/VREditor/TransformGizmo/BoundingBoxCorner.uasset" 321
"../../../Engine/Content/VREditor/TransformGizmo/BoundingBoxCorner.uexp" 322
"../../../Engine/Content/Tutorial/ContentIntroCurve.uasset" 323
"../../../Engine/Content/Tutorial/ContentIntroCurve.uexp" 324
"../../../Engine/Content/MobileResources/HUD/VirtualJoystick_Background.uasset" 325
"../../../Engine/Content/MobileResources/HUD/VirtualJoystick_Background.uexp" 326
"../../../Engine/Content/MobileResources/HUD/VirtualJoystick_Thumb.uasset" 327
"../../../Engine/Content/MobileResources/HUD/VirtualJoystick_Thumb.uexp" 328
"../../../Engine/Content/MobileResources/HUD/DefaultVirtualJoysticks.uasset" 329
"../../../Engine/Content/MobileResources/HUD/DefaultVirtualJoysticks.uexp" 330
"../../../Engine/Content/Functions/Engine_MaterialFunctions01/Shading/PowerToRoughness.uasset" 331
"../../../Engine/Content/Functions/Engine_MaterialFunctions01/Shading/PowerToRoughness.uexp" 332
"../../../Engine/Content/Functions/Engine_MaterialFunctions01/Shading/ConvertFromDiffSpec.uasset" 333
"../../../Engine/Content/Functions/Engine_MaterialFunctions01/Shading/ConvertFromDiffSpec.uexp" 334
"../../../Engine/Content/EngineSounds/Master.uasset" 335
"../../../Engine/Content/EngineSounds/Master.uexp" 336
"../../../Engine/Content/EngineSky/VolumetricClouds/CloudWeatherTexture.uasset" 337
"../../../Engine/Content/EngineSky/VolumetricClouds/CloudWeatherTexture.uexp" 338
"../../../Engine/Content/EngineSky/VolumetricClouds/CloudGradientTexture.uasset" 339
"../../../Engine/Content/EngineSky/VolumetricClouds/CloudGradientTexture.uexp" 340
"../../../Engine/Content/EngineSky/VolumetricClouds/T_NoiseShape64.ubulk" 341
"../../../Engine/Content/EngineSky/VolumetricClouds/T_NoiseShape64.uasset" 342
"../../../Engine/Content/EngineSky/VolumetricClouds/T_NoiseShape64.uexp" 343
"../../../Engine/Content/EngineSky/VolumetricClouds/T_VolumeNoiseShape64.uasset" 344
"../../../Engine/Content/EngineSky/VolumetricClouds/T_VolumeNoiseShape64.uexp" 345
"../../../Engine/Content/EngineSky/VolumetricClouds/T_NoiseErosion.ubulk" 346
"../../../Engine/Content/EngineSky/VolumetricClouds/T_NoiseErosion.uasset" 347
"../../../Engine/Content/EngineSky/VolumetricClouds/T_NoiseErosion.uexp" 348
"../../../Engine/Content/EngineSky/VolumetricClouds/T_VolumeNoiseErosion32.uasset" 349
"../../../Engine/Content/EngineSky/VolumetricClouds/T_VolumeNoiseErosion32.uexp" 350
"../../../Engine/Content/EngineSky/VolumetricClouds/m_SimpleVolumetricCloud.uasset" 351
"../../../Engine/Content/EngineSky/VolumetricClouds/m_SimpleVolumetricCloud.uexp" 352
"../../../Engine/Content/EngineSky/VolumetricClouds/m_SimpleVolumetricCloud_Inst.uasset" 353
"../../../Engine/Content/EngineSky/VolumetricClouds/m_SimpleVolumetricCloud_Inst.uexp" 354
"../../../Engine/Content/EngineResources/GradientTexture0.uasset" 355
"../../../Engine/Content/EngineResources/GradientTexture0.uexp" 356
"../../../Engine/Content/EngineResources/DefaultVolumeTexture2D.uasset" 357
"../../../Engine/Content/EngineResources/DefaultVolumeTexture2D.uexp" 358
"../../../Engine/Content/EngineResources/DefaultVolumeTexture.uasset" 359
"../../../Engine/Content/EngineResources/DefaultVolumeTexture.uexp" 360
"../../../Engine/Content/EngineResources/DefaultTextureCube.uasset" 361
"../../../Engine/Content/EngineResources/DefaultTextureCube.uexp" 362
"../../../Engine/Content/EngineResources/DefaultTexture.ubulk" 363
"../../../Engine/Content/EngineResources/DefaultTexture.uasset" 364
"../../../Engine/Content/EngineResources/DefaultTexture.uexp" 365
"../../../Engine/Content/EngineResources/Black.uasset" 366
"../../../Engine/Content/EngineResources/Black.uexp" 367
"../../../Engine/Content/EngineResources/FilmGrains/Marcie_Grain_v3_128_M2_000.uasset" 368
"../../../Engine/Content/EngineResources/FilmGrains/Marcie_Grain_v3_128_M2_000.uexp" 369
"../../../Engine/Content/EngineMeshes/Sphere.ubulk" 370
"../../../Engine/Content/EngineMeshes/Sphere.uasset" 371
"../../../Engine/Content/EngineMeshes/Sphere.uexp" 372
"../../../Engine/Content/EngineResources/WhiteSquareTexture.uasset" 373
"../../../Engine/Content/EngineResources/WhiteSquareTexture.uexp" 374
"../../../Engine/Content/EngineMaterials/Widget3DPassThrough.uasset" 375
"../../../Engine/Content/EngineMaterials/Widget3DPassThrough.uexp" 376
"../../../Engine/Content/EngineMaterials/Widget3DPassThrough_Translucent.uasset" 377
"../../../Engine/Content/EngineMaterials/Widget3DPassThrough_Translucent.uexp" 378
"../../../Engine/Content/EngineMaterials/Widget3DPassThrough_Translucent_OneSided.uasset" 379
"../../../Engine/Content/EngineMaterials/Widget3DPassThrough_Translucent_OneSided.uexp" 380
"../../../Engine/Content/EngineMaterials/Widget3DPassThrough_Opaque.uasset" 381
"../../../Engine/Content/EngineMaterials/Widget3DPassThrough_Opaque.uexp" 382
"../../../Engine/Content/EngineMaterials/Widget3DPassThrough_Opaque_OneSided.uasset" 383
"../../../Engine/Content/EngineMaterials/Widget3DPassThrough_Opaque_OneSided.uexp" 384
"../../../Engine/Content/EngineMaterials/Widget3DPassThrough_Masked_OneSided.uasset" 385
"../../../Engine/Content/EngineMaterials/Widget3DPassThrough_Masked_OneSided.uexp" 386
"../../../Engine/Content/EngineMaterials/Widget3DPassThrough_Masked.uasset" 387
"../../../Engine/Content/EngineMaterials/Widget3DPassThrough_Masked.uexp" 388
"../../../Engine/Content/EngineMaterials/WeightMapPlaceholderTexture.uasset" 389
"../../../Engine/Content/EngineMaterials/WeightMapPlaceholderTexture.uexp" 390
"../../../Engine/Content/EngineMaterials/RemoveSurfaceMaterial.uasset" 391
"../../../Engine/Content/EngineMaterials/RemoveSurfaceMaterial.uexp" 392
"../../../Engine/Content/EngineMaterials/PreintegratedSkinBRDF.uasset" 393
"../../../Engine/Content/EngineMaterials/PreintegratedSkinBRDF.uexp" 394
"../../../Engine/Content/EngineMaterials/DefaultCalibrationGrayscale.uasset" 395
"../../../Engine/Content/EngineMaterials/DefaultCalibrationGrayscale.uexp" 396
"../../../Engine/Content/EngineMaterials/PPM_DefaultCalibrationGrayscale.uasset" 397
"../../../Engine/Content/EngineMaterials/PPM_DefaultCalibrationGrayscale.uexp" 398
"../../../Engine/Content/EngineMaterials/DefaultCalibrationColor.uasset" 399
"../../../Engine/Content/EngineMaterials/DefaultCalibrationColor.uexp" 400
"../../../Engine/Content/EngineMaterials/PPM_DefaultCalibrationColor.uasset" 401
"../../../Engine/Content/EngineMaterials/PPM_DefaultCalibrationColor.uexp" 402
"../../../Engine/Content/EngineMaterials/PhAT_JointLimitMaterial.uasset" 403
"../../../Engine/Content/EngineMaterials/PhAT_JointLimitMaterial.uexp" 404
"../../../Engine/Content/EngineMaterials/InvalidLightmapSettings.ubulk" 405
"../../../Engine/Content/EngineMaterials/InvalidLightmapSettings.uasset" 406
"../../../Engine/Content/EngineMaterials/InvalidLightmapSettings.uexp" 407
"../../../Engine/Content/EngineMaterials/M_InvalidLightmapSettings.uasset" 408
"../../../Engine/Content/EngineMaterials/M_InvalidLightmapSettings.uexp" 409
"../../../Engine/Content/EngineMaterials/MiniFont.uasset" 410
"../../../Engine/Content/EngineMaterials/MiniFont.uexp" 411
"../../../Engine/Content/EngineMaterials/GizmoMaterial.uasset" 412
"../../../Engine/Content/EngineMaterials/GizmoMaterial.uexp" 413
"../../../Engine/Content/EngineMaterials/BaseFlattenEmissiveMap_VT.uasset" 414
"../../../Engine/Content/EngineMaterials/BaseFlattenEmissiveMap_VT.uexp" 415
"../../../Engine/Content/EngineMaterials/BaseFlattenGrayscaleMap_VT.uasset" 416
"../../../Engine/Content/EngineMaterials/BaseFlattenGrayscaleMap_VT.uexp" 417
"../../../Engine/Content/EngineMaterials/BaseFlattenLinearColor_VT.uasset" 418
"../../../Engine/Content/EngineMaterials/BaseFlattenLinearColor_VT.uexp" 419
"../../../Engine/Content/EngineMaterials/Black_1x1_EXR_Texture_VT.uasset" 420
"../../../Engine/Content/EngineMaterials/Black_1x1_EXR_Texture_VT.uexp" 421
"../../../Engine/Content/EngineMaterials/BaseFlattenDiffuseMap_VT.uasset" 422
"../../../Engine/Content/EngineMaterials/BaseFlattenDiffuseMap_VT.uexp" 423
"../../../Engine/Content/EngineMaterials/BaseFlattenNormalMap_VT.uasset" 424
"../../../Engine/Content/EngineMaterials/BaseFlattenNormalMap_VT.uexp" 425
"../../../Engine/Content/EngineMaterials/FlattenMaterial_WS_Normal_VT.uasset" 426
"../../../Engine/Content/EngineMaterials/FlattenMaterial_WS_Normal_VT.uexp" 427
"../../../Engine/Content/EngineMaterials/FlattenMaterial_VT.uasset" 428
"../../../Engine/Content/EngineMaterials/FlattenMaterial_VT.uexp" 429
"../../../Engine/Content/EngineMaterials/BaseFlattenNormalMap.uasset" 430
"../../../Engine/Content/EngineMaterials/BaseFlattenNormalMap.uexp" 431
"../../../Engine/Content/EngineMaterials/BaseFlattenGrayscaleMap.uasset" 432
"../../../Engine/Content/EngineMaterials/BaseFlattenGrayscaleMap.uexp" 433
"../../../Engine/Content/EngineMaterials/BaseFlattenDiffuseMap.uasset" 434
"../../../Engine/Content/EngineMaterials/BaseFlattenDiffuseMap.uexp" 435
"../../../Engine/Content/Functions/Engine_MaterialFunctions02/PivotPainter2/Black_1x1_EXR_Texture.uasset" 436
"../../../Engine/Content/Functions/Engine_MaterialFunctions02/PivotPainter2/Black_1x1_EXR_Texture.uexp" 437
"../../../Engine/Content/EngineMaterials/BaseFlattenEmissiveMap.uasset" 438
"../../../Engine/Content/EngineMaterials/BaseFlattenEmissiveMap.uexp" 439
"../../../Engine/Content/EngineMaterials/BaseFlattenLinearColor.uasset" 440
"../../../Engine/Content/EngineMaterials/BaseFlattenLinearColor.uexp" 441
"../../../Engine/Content/EngineMaterials/FlattenMaterial.uasset" 442
"../../../Engine/Content/EngineMaterials/FlattenMaterial.uexp" 443
"../../../Engine/Content/EngineMaterials/DefaultWhiteGrid_Low.uasset" 444
"../../../Engine/Content/EngineMaterials/DefaultWhiteGrid_Low.uexp" 445
"../../../Engine/Content/EngineMaterials/EmissiveMeshMaterial.uasset" 446
"../../../Engine/Content/EngineMaterials/EmissiveMeshMaterial.uexp" 447
"../../../Engine/Content/EngineMaterials/DefaultWhiteGrid.ubulk" 448
"../../../Engine/Content/EngineMaterials/DefaultWhiteGrid.uasset" 449
"../../../Engine/Content/EngineMaterials/DefaultWhiteGrid.uexp" 450
"../../../Engine/Content/EngineFonts/RobotoDistanceField.uasset" 451
"../../../Engine/Content/EngineFonts/RobotoDistanceField.uexp" 452
"../../../Engine/Content/EngineMaterials/DefaultTextMaterialOpaque.uasset" 453
"../../../Engine/Content/EngineMaterials/DefaultTextMaterialOpaque.uexp" 454
"../../../Engine/Content/EngineMaterials/DefaultDiffuse.ubulk" 455
"../../../Engine/Content/EngineMaterials/DefaultDiffuse.uasset" 456
"../../../Engine/Content/EngineMaterials/DefaultDiffuse.uexp" 457
"../../../Engine/Content/Functions/Engine_MaterialFunctions02/Utility/BreakOutFloat2Components.uasset" 458
"../../../Engine/Content/Functions/Engine_MaterialFunctions02/Utility/BreakOutFloat2Components.uexp" 459
"../../../Engine/Content/EngineMaterials/DefaultPostProcessMaterial.uasset" 460
"../../../Engine/Content/EngineMaterials/DefaultPostProcessMaterial.uexp" 461
"../../../Engine/Content/EngineMaterials/DefaultLightFunctionMaterial.uasset" 462
"../../../Engine/Content/EngineMaterials/DefaultLightFunctionMaterial.uexp" 463
"../../../Engine/Content/EngineMaterials/DefaultDestructiblePhysicalMaterial.uasset" 464
"../../../Engine/Content/EngineMaterials/DefaultDestructiblePhysicalMaterial.uexp" 465
"../../../Engine/Content/EngineMaterials/DefaultDeferredDecalMaterial.uasset" 466
"../../../Engine/Content/EngineMaterials/DefaultDeferredDecalMaterial.uexp" 467
"../../../Engine/Content/EngineMaterials/DefaultBokeh.uasset" 468
"../../../Engine/Content/EngineMaterials/DefaultBokeh.uexp" 469
"../../../Engine/Content/EngineMaterials/DefaultBloomKernel.uasset" 470
"../../../Engine/Content/EngineMaterials/DefaultBloomKernel.uexp" 471
"../../../Engine/Content/EngineMaterials/BlueNoise.uasset" 472
"../../../Engine/Content/EngineMaterials/BlueNoise.uexp" 473
"../../../Engine/Content/EngineFonts/Faces/RobotoLight.uexp" 474
"../../../Engine/Content/EngineFonts/Faces/RobotoLight.uasset" 475
"../../../Engine/Content/EngineFonts/Faces/RobotoLight.ufont" 476
"../../../Engine/Content/EngineFonts/Faces/RobotoBold.uexp" 477
"../../../Engine/Content/EngineFonts/Faces/RobotoBold.uasset" 478
"../../../Engine/Content/EngineFonts/Faces/RobotoBold.ufont" 479
"../../../Engine/Content/EngineFonts/Faces/RobotoRegular.uexp" 480
"../../../Engine/Content/EngineFonts/Faces/RobotoRegular.uasset" 481
"../../../Engine/Content/EngineFonts/Faces/RobotoRegular.ufont" 482
"../../../Engine/Content/EngineFonts/Faces/DroidSansFallback.uexp" 483
"../../../Engine/Content/EngineFonts/Faces/DroidSansFallback.uasset" 484
"../../../Engine/Content/EngineFonts/Faces/DroidSansFallback.ufont" 485
"../../../Engine/Content/EngineFonts/Faces/RobotoItalic.uexp" 486
"../../../Engine/Content/EngineFonts/Faces/RobotoItalic.uasset" 487
"../../../Engine/Content/EngineFonts/Faces/RobotoItalic.ufont" 488
"../../../Engine/Content/EngineFonts/Faces/RobotoBoldItalic.uexp" 489
"../../../Engine/Content/EngineFonts/Faces/RobotoBoldItalic.uasset" 490
"../../../Engine/Content/EngineFonts/Faces/RobotoBoldItalic.ufont" 491
"../../../Engine/Content/EngineFonts/Roboto.uasset" 492
"../../../Engine/Content/EngineFonts/Roboto.uexp" 493
"../../../Engine/Content/Functions/Engine_MaterialFunctions02/Utility/CameraDirectionVector.uasset" 494
"../../../Engine/Content/Functions/Engine_MaterialFunctions02/Utility/CameraDirectionVector.uexp" 495
"../../../Engine/Content/EngineDebugMaterials/VolumeToRender.uasset" 496
"../../../Engine/Content/EngineDebugMaterials/VolumeToRender.uexp" 497
"../../../Engine/Content/EngineDebugMaterials/M_VolumeRenderSphereTracePP.uasset" 498
"../../../Engine/Content/EngineDebugMaterials/M_VolumeRenderSphereTracePP.uexp" 499
"../../../Engine/Content/EngineDebugMaterials/M_SimpleUnlitTranslucent.uasset" 500
"../../../Engine/Content/EngineDebugMaterials/M_SimpleUnlitTranslucent.uexp" 501
"../../../Engine/Content/EngineDebugMaterials/DebugMeshMaterial.uasset" 502
"../../../Engine/Content/EngineDebugMaterials/DebugMeshMaterial.uexp" 503
"../../../Engine/Content/EngineDebugMaterials/DebugEditorMaterial.uasset" 504
"../../../Engine/Content/EngineDebugMaterials/DebugEditorMaterial.uexp" 505
"../../../Engine/Content/EngineDamageTypes/DmgTypeBP_Environmental.uasset" 506
"../../../Engine/Content/EngineDamageTypes/DmgTypeBP_Environmental.uexp" 507
"../../../Engine/Content/EditorResources/S_TriggerSphere.uasset" 508
"../../../Engine/Content/EditorResources/S_TriggerSphere.uexp" 509
"../../../Engine/Content/EditorResources/S_TriggerCapsule.uasset" 510
"../../../Engine/Content/EditorResources/S_TriggerCapsule.uexp" 511
"../../../Engine/Content/EditorResources/S_TriggerBox.uasset" 512
"../../../Engine/Content/EditorResources/S_TriggerBox.uexp" 513
"../../../Engine/Content/EditorResources/S_Trigger.ubulk" 514
"../../../Engine/Content/EditorResources/S_Trigger.uasset" 515
"../../../Engine/Content/EditorResources/S_Trigger.uexp" 516
"../../../Engine/Content/EditorResources/S_Terrain.ubulk" 517
"../../../Engine/Content/EditorResources/S_Terrain.uasset" 518
"../../../Engine/Content/EditorResources/S_Terrain.uexp" 519
"../../../Engine/Content/EditorResources/S_Solver.ubulk" 520
"../../../Engine/Content/EditorResources/S_Solver.uasset" 521
"../../../Engine/Content/EditorResources/S_Solver.uexp" 522
"../../../Engine/Content/EditorResources/S_BoxReflectionCapture.uasset" 523
"../../../Engine/Content/EditorResources/S_BoxReflectionCapture.uexp" 524
"../../../Engine/Content/EditorResources/S_Actor.ubulk" 525
"../../../Engine/Content/EditorResources/S_Actor.uasset" 526
"../../../Engine/Content/EditorResources/S_Actor.uexp" 527
"../../../Engine/Content/EditorResources/EmptyActor.uasset" 528
"../../../Engine/Content/EditorResources/EmptyActor.uexp" 529
"../../../Engine/Content/EditorResources/BSPVertex.uasset" 530
"../../../Engine/Content/EditorResources/BSPVertex.uexp" 531
"../../../Engine/Content/EditorResources/SequenceRecorder/RecordingIndicator.uasset" 532
"../../../Engine/Content/EditorResources/SequenceRecorder/RecordingIndicator.uexp" 533
"../../../Engine/Content/EditorResources/SequenceRecorder/Countdown.uasset" 534
"../../../Engine/Content/EditorResources/SequenceRecorder/Countdown.uexp" 535
"../../../Engine/Content/EditorMaterials/Camera/CineMat.uasset" 536
"../../../Engine/Content/EditorMaterials/Camera/CineMat.uexp" 537
"../../../Engine/Content/EditorMaterials/Camera/MI_CineMat_Rig.uasset" 538
"../../../Engine/Content/EditorMaterials/Camera/MI_CineMat_Rig.uexp" 539
"../../../Engine/Content/EditorMeshes/Camera/SM_RailRig_Track.ubulk" 540
"../../../Engine/Content/EditorMeshes/Camera/SM_RailRig_Track.uasset" 541
"../../../Engine/Content/EditorMeshes/Camera/SM_RailRig_Track.uexp" 542
"../../../Engine/Content/EditorMeshes/Camera/SM_RailRig_Mount.ubulk" 543
"../../../Engine/Content/EditorMeshes/Camera/SM_RailRig_Mount.uasset" 544
"../../../Engine/Content/EditorMeshes/Camera/SM_RailRig_Mount.uexp" 545
"../../../Engine/Content/EditorMeshes/Camera/SM_CraneRig_Mount.ubulk" 546
"../../../Engine/Content/EditorMeshes/Camera/SM_CraneRig_Mount.uasset" 547
"../../../Engine/Content/EditorMeshes/Camera/SM_CraneRig_Mount.uexp" 548
"../../../Engine/Content/EditorMeshes/Camera/SM_CraneRig_Body.ubulk" 549
"../../../Engine/Content/EditorMeshes/Camera/SM_CraneRig_Body.uasset" 550
"../../../Engine/Content/EditorMeshes/Camera/SM_CraneRig_Body.uexp" 551
"../../../Engine/Content/EditorMeshes/Camera/SM_CraneRig_Base.ubulk" 552
"../../../Engine/Content/EditorMeshes/Camera/SM_CraneRig_Base.uasset" 553
"../../../Engine/Content/EditorMeshes/Camera/SM_CraneRig_Base.uexp" 554
"../../../Engine/Content/EditorMeshes/Camera/SM_CraneRig_Arm.ubulk" 555
"../../../Engine/Content/EditorMeshes/Camera/SM_CraneRig_Arm.uasset" 556
"../../../Engine/Content/EditorMeshes/Camera/SM_CraneRig_Arm.uexp" 557
"../../../Engine/Content/EditorMaterials/PreviewShadowIndicator.ubulk" 558
"../../../Engine/Content/EditorMaterials/PreviewShadowIndicator.uasset" 559
"../../../Engine/Content/EditorMaterials/PreviewShadowIndicator.uexp" 560
"../../../Engine/Content/EditorMaterials/PreviewShadowIndicatorMaterial.uasset" 561
"../../../Engine/Content/EditorMaterials/PreviewShadowIndicatorMaterial.uexp" 562
"../../../Engine/Content/EditorMaterials/MAT_Groups_Visibility.uasset" 563
"../../../Engine/Content/EditorMaterials/MAT_Groups_Visibility.uexp" 564
"../../../Engine/Content/EditorMaterials/MAT_Groups_Toggle.uasset" 565
"../../../Engine/Content/EditorMaterials/MAT_Groups_Toggle.uexp" 566
"../../../Engine/Content/Functions/Engine_MaterialFunctions02/Utility/MakeFloat4.uasset" 567
"../../../Engine/Content/Functions/Engine_MaterialFunctions02/Utility/MakeFloat4.uexp" 568
"../../../Engine/Content/EditorMaterials/WorldPartition/WorldPartitionSpatialHashGridPreviewMaterial.uasset" 569
"../../../Engine/Content/EditorMaterials/WorldPartition/WorldPartitionSpatialHashGridPreviewMaterial.uexp" 570
"../../../Engine/Content/EditorMaterials/ParticleSystems/PSysThumbnail_OOD.ubulk" 571
"../../../Engine/Content/EditorMaterials/ParticleSystems/PSysThumbnail_OOD.uasset" 572
"../../../Engine/Content/EditorMaterials/ParticleSystems/PSysThumbnail_OOD.uexp" 573
"../../../Engine/Content/EditorMaterials/ParticleSystems/PSysThumbnail_NoImage.ubulk" 574
"../../../Engine/Content/EditorMaterials/ParticleSystems/PSysThumbnail_NoImage.uasset" 575
"../../../Engine/Content/EditorMaterials/ParticleSystems/PSysThumbnail_NoImage.uexp" 576
"../../../Engine/Content/EditorMaterials/MatineeGroups/MAT_Groups_Vector.uasset" 577
"../../../Engine/Content/EditorMaterials/MatineeGroups/MAT_Groups_Vector.uexp" 578
"../../../Engine/Content/EditorMaterials/MatineeGroups/MAT_Groups_Sound.uasset" 579
"../../../Engine/Content/EditorMaterials/MatineeGroups/MAT_Groups_Sound.uexp" 580
"../../../Engine/Content/EditorMaterials/MatineeGroups/MAT_Groups_Slomo.uasset" 581
"../../../Engine/Content/EditorMaterials/MatineeGroups/MAT_Groups_Slomo.uexp" 582
"../../../Engine/Content/EditorMaterials/MatineeGroups/MAT_Groups_Move.uasset" 583
"../../../Engine/Content/EditorMaterials/MatineeGroups/MAT_Groups_Move.uexp" 584
"../../../Engine/Content/EditorMaterials/MatineeGroups/MAT_Groups_Float.uasset" 585
"../../../Engine/Content/EditorMaterials/MatineeGroups/MAT_Groups_Float.uexp" 586
"../../../Engine/Content/EditorMaterials/MatineeGroups/MAT_Groups_Fade.uasset" 587
"../../../Engine/Content/EditorMaterials/MatineeGroups/MAT_Groups_Fade.uexp" 588
"../../../Engine/Content/EditorMaterials/MatineeGroups/MAT_Groups_Event.uasset" 589
"../../../Engine/Content/EditorMaterials/MatineeGroups/MAT_Groups_Event.uexp" 590
"../../../Engine/Content/EditorMaterials/MatineeGroups/MAT_Groups_Director.uasset" 591
"../../../Engine/Content/EditorMaterials/MatineeGroups/MAT_Groups_Director.uexp" 592
"../../../Engine/Content/EditorMaterials/MatineeGroups/MAT_Groups_AudioMaster.uasset" 593
"../../../Engine/Content/EditorMaterials/MatineeGroups/MAT_Groups_AudioMaster.uexp" 594
"../../../Engine/Content/EditorMaterials/MatineeGroups/MAT_Groups_Anim.uasset" 595
"../../../Engine/Content/EditorMaterials/MatineeGroups/MAT_Groups_Anim.uexp" 596
"../../../Engine/Content/EditorMaterials/MatineeGroups/MAT_ColorTrack.uasset" 597
"../../../Engine/Content/EditorMaterials/MatineeGroups/MAT_ColorTrack.uexp" 598
"../../../Engine/Content/EditorLandscapeResources/DefaultAlphaTexture.uasset" 599
"../../../Engine/Content/EditorLandscapeResources/DefaultAlphaTexture.uexp" 600
"../../../Engine/Content/EditorLandscapeResources/DataLayer.uasset" 601
"../../../Engine/Content/EditorLandscapeResources/DataLayer.uexp" 602
"../../../Engine/Content/EngineMaterials/DefaultMaterial.uasset" 603
"../../../Engine/Content/EngineMaterials/DefaultMaterial.uexp" 604
"../../../Engine/Content/BasicShapes/Sphere.ubulk" 605
"../../../Engine/Content/BasicShapes/Sphere.uasset" 606
"../../../Engine/Content/BasicShapes/Sphere.uexp" 607
"../../../Engine/Content/BasicShapes/Plane.ubulk" 608
"../../../Engine/Content/BasicShapes/Plane.uasset" 609
"../../../Engine/Content/BasicShapes/Plane.uexp" 610
"../../../Engine/Content/BasicShapes/Cylinder.ubulk" 611
"../../../Engine/Content/BasicShapes/Cylinder.uasset" 612
"../../../Engine/Content/BasicShapes/Cylinder.uexp" 613
"../../../Engine/Content/BasicShapes/Cube.ubulk" 614
"../../../Engine/Content/BasicShapes/Cube.uasset" 615
"../../../Engine/Content/BasicShapes/Cube.uexp" 616
"../../../Engine/Content/BasicShapes/Cone.ubulk" 617
"../../../Engine/Content/BasicShapes/Cone.uasset" 618
"../../../Engine/Content/BasicShapes/Cone.uexp" 619
"../../../Engine/Content/ArtTools/RenderToTexture/Meshes/S_1_Unit_Plane.ubulk" 620
"../../../Engine/Content/ArtTools/RenderToTexture/Meshes/S_1_Unit_Plane.uasset" 621
"../../../Engine/Content/ArtTools/RenderToTexture/Meshes/S_1_Unit_Plane.uexp" 622
"D:/UnrealProjects/FishFlock/Content/OceanEnvironmentPack/Textures/TilableTextures/T_Normal_Blue.uasset" 623
"D:/UnrealProjects/FishFlock/Content/OceanEnvironmentPack/Textures/TilableTextures/T_Normal_Blue.uexp" 624
"D:/UnrealProjects/FishFlock/Content/OceanEnvironmentPack/Textures/TilableTextures/T_Black.uasset" 625
"D:/UnrealProjects/FishFlock/Content/OceanEnvironmentPack/Textures/TilableTextures/T_Black.uexp" 626
"D:/UnrealProjects/FishFlock/Content/OceanEnvironmentPack/Textures/TilableTextures/T_White.uasset" 627
"D:/UnrealProjects/FishFlock/Content/OceanEnvironmentPack/Textures/TilableTextures/T_White.uexp" 628
"D:/UnrealProjects/FishFlock/Content/OceanEnvironmentPack/Textures/TilableTextures/T_Noise_Wave.ubulk" 629
"D:/UnrealProjects/FishFlock/Content/OceanEnvironmentPack/Textures/TilableTextures/T_Noise_Wave.uasset" 630
"D:/UnrealProjects/FishFlock/Content/OceanEnvironmentPack/Textures/TilableTextures/T_Noise_Wave.uexp" 631
"../../../Engine/Content/Functions/Engine_MaterialFunctions02/Texturing/ScreenAlignedPixelToPixelUVs.uasset" 632
"../../../Engine/Content/Functions/Engine_MaterialFunctions02/Texturing/ScreenAlignedPixelToPixelUVs.uexp" 633
"D:/UnrealProjects/FishFlock/Content/OceanEnvironmentPack/Textures/TilableTextures/T_Gradient_R.ubulk" 634
"D:/UnrealProjects/FishFlock/Content/OceanEnvironmentPack/Textures/TilableTextures/T_Gradient_R.uasset" 635
"D:/UnrealProjects/FishFlock/Content/OceanEnvironmentPack/Textures/TilableTextures/T_Gradient_R.uexp" 636
"../../../Engine/Content/EngineMaterials/Good64x64TilingNoiseHighFreq.uasset" 637
"../../../Engine/Content/EngineMaterials/Good64x64TilingNoiseHighFreq.uexp" 638
"../../../Engine/Content/Functions/Engine_MaterialFunctions02/Utility/DitherTemporalAA.uasset" 639
"../../../Engine/Content/Functions/Engine_MaterialFunctions02/Utility/DitherTemporalAA.uexp" 640
"D:/UnrealProjects/FishFlock/Content/OceanEnvironmentPack/Textures/PlantTextures/T_SeaWeed_Dif.ubulk" 641
"D:/UnrealProjects/FishFlock/Content/OceanEnvironmentPack/Textures/PlantTextures/T_SeaWeed_Dif.uasset" 642
"D:/UnrealProjects/FishFlock/Content/OceanEnvironmentPack/Textures/PlantTextures/T_SeaWeed_Dif.uexp" 643
"D:/UnrealProjects/FishFlock/Content/OceanEnvironmentPack/Textures/TilableTextures/T_Noise_Terrain.ubulk" 644
"D:/UnrealProjects/FishFlock/Content/OceanEnvironmentPack/Textures/TilableTextures/T_Noise_Terrain.uasset" 645
"D:/UnrealProjects/FishFlock/Content/OceanEnvironmentPack/Textures/TilableTextures/T_Noise_Terrain.uexp" 646
"D:/UnrealProjects/FishFlock/Content/OceanEnvironmentPack/Materials/ParentMaterials/MPC_OceanEnvironmentPack.uasset" 647
"D:/UnrealProjects/FishFlock/Content/OceanEnvironmentPack/Materials/ParentMaterials/MPC_OceanEnvironmentPack.uexp" 648
"../../../Engine/Content/Functions/Engine_MaterialFunctions02/HueShift.uasset" 649
"../../../Engine/Content/Functions/Engine_MaterialFunctions02/HueShift.uexp" 650
"../../../Engine/Content/Functions/Engine_MaterialFunctions02/Math/TimeWithSpeedVariable.uasset" 651
"../../../Engine/Content/Functions/Engine_MaterialFunctions02/Math/TimeWithSpeedVariable.uexp" 652
"D:/UnrealProjects/FishFlock/Content/OceanEnvironmentPack/Materials/ParentMaterials/Function_CustomGrassWind.uasset" 653
"D:/UnrealProjects/FishFlock/Content/OceanEnvironmentPack/Materials/ParentMaterials/Function_CustomGrassWind.uexp" 654
"D:/UnrealProjects/FishFlock/Content/OceanEnvironmentPack/Materials/ParentMaterials/M_SolidPlant.uasset" 655
"D:/UnrealProjects/FishFlock/Content/OceanEnvironmentPack/Materials/ParentMaterials/M_SolidPlant.uexp" 656
"D:/UnrealProjects/FishFlock/Content/OceanEnvironmentPack/Textures/PlantTextures/T_Sponge_Large_Glow.ubulk" 657
"D:/UnrealProjects/FishFlock/Content/OceanEnvironmentPack/Textures/PlantTextures/T_Sponge_Large_Glow.uasset" 658
"D:/UnrealProjects/FishFlock/Content/OceanEnvironmentPack/Textures/PlantTextures/T_Sponge_Large_Glow.uexp" 659
"D:/UnrealProjects/FishFlock/Content/OceanEnvironmentPack/Textures/TilableTextures/T_Norm_Detail_Organic.ubulk" 660
"D:/UnrealProjects/FishFlock/Content/OceanEnvironmentPack/Textures/TilableTextures/T_Norm_Detail_Organic.uasset" 661
"D:/UnrealProjects/FishFlock/Content/OceanEnvironmentPack/Textures/TilableTextures/T_Norm_Detail_Organic.uexp" 662
"D:/UnrealProjects/FishFlock/Content/OceanEnvironmentPack/Textures/PlantTextures/T_Sponge_Large_Norm.ubulk" 663
"D:/UnrealProjects/FishFlock/Content/OceanEnvironmentPack/Textures/PlantTextures/T_Sponge_Large_Norm.uasset" 664
"D:/UnrealProjects/FishFlock/Content/OceanEnvironmentPack/Textures/PlantTextures/T_Sponge_Large_Norm.uexp" 665
"D:/UnrealProjects/FishFlock/Content/OceanEnvironmentPack/Textures/PlantTextures/T_Sponge_Large_DISP.ubulk" 666
"D:/UnrealProjects/FishFlock/Content/OceanEnvironmentPack/Textures/PlantTextures/T_Sponge_Large_DISP.uasset" 667
"D:/UnrealProjects/FishFlock/Content/OceanEnvironmentPack/Textures/PlantTextures/T_Sponge_Large_DISP.uexp" 668
"D:/UnrealProjects/FishFlock/Content/OceanEnvironmentPack/Materials/PlantMaterials/SeaSponge/MI_SeaSponge_Medium.uasset" 669
"D:/UnrealProjects/FishFlock/Content/OceanEnvironmentPack/Materials/PlantMaterials/SeaSponge/MI_SeaSponge_Medium.uexp" 670
"D:/UnrealProjects/FishFlock/Content/OceanEnvironmentPack/Textures/PlantTextures/T_SpongeSmall_DISP.ubulk" 671
"D:/UnrealProjects/FishFlock/Content/OceanEnvironmentPack/Textures/PlantTextures/T_SpongeSmall_DISP.uasset" 672
"D:/UnrealProjects/FishFlock/Content/OceanEnvironmentPack/Textures/PlantTextures/T_SpongeSmall_DISP.uexp" 673
"D:/UnrealProjects/FishFlock/Content/OceanEnvironmentPack/Textures/TilableTextures/T_Gradient_Vertical_A.ubulk" 674
"D:/UnrealProjects/FishFlock/Content/OceanEnvironmentPack/Textures/TilableTextures/T_Gradient_Vertical_A.uasset" 675
"D:/UnrealProjects/FishFlock/Content/OceanEnvironmentPack/Textures/TilableTextures/T_Gradient_Vertical_A.uexp" 676
"D:/UnrealProjects/FishFlock/Content/OceanEnvironmentPack/Textures/PlantTextures/T_SpongeSmall_Norm.ubulk" 677
"D:/UnrealProjects/FishFlock/Content/OceanEnvironmentPack/Textures/PlantTextures/T_SpongeSmall_Norm.uasset" 678
"D:/UnrealProjects/FishFlock/Content/OceanEnvironmentPack/Textures/PlantTextures/T_SpongeSmall_Norm.uexp" 679
"D:/UnrealProjects/FishFlock/Content/OceanEnvironmentPack/Textures/TilableTextures/T_SkinDot_small_norm.ubulk" 680
"D:/UnrealProjects/FishFlock/Content/OceanEnvironmentPack/Textures/TilableTextures/T_SkinDot_small_norm.uasset" 681
"D:/UnrealProjects/FishFlock/Content/OceanEnvironmentPack/Textures/TilableTextures/T_SkinDot_small_norm.uexp" 682
"D:/UnrealProjects/FishFlock/Content/OceanEnvironmentPack/Materials/PlantMaterials/SeaSponge/MI_SeaSpongeSmall.uasset" 683
"D:/UnrealProjects/FishFlock/Content/OceanEnvironmentPack/Materials/PlantMaterials/SeaSponge/MI_SeaSpongeSmall.uexp" 684
"../../../Engine/Content/EngineMaterials/T_Default_MacroVariation.ubulk" 685
"../../../Engine/Content/EngineMaterials/T_Default_MacroVariation.uasset" 686
"../../../Engine/Content/EngineMaterials/T_Default_MacroVariation.uexp" 687
"D:/UnrealProjects/FishFlock/Content/OceanEnvironmentPack/Materials/PlantMaterials/SeaSponge/MI_SeaSponge_Base.uasset" 688
"D:/UnrealProjects/FishFlock/Content/OceanEnvironmentPack/Materials/PlantMaterials/SeaSponge/MI_SeaSponge_Base.uexp" 689
"D:/UnrealProjects/FishFlock/Content/OceanEnvironmentPack/Meshes/Plants/SeaSponge/SM_SeaSponge_Group_Large_B.ubulk" 690
"D:/UnrealProjects/FishFlock/Content/OceanEnvironmentPack/Meshes/Plants/SeaSponge/SM_SeaSponge_Group_Large_B.uasset" 691
"D:/UnrealProjects/FishFlock/Content/OceanEnvironmentPack/Meshes/Plants/SeaSponge/SM_SeaSponge_Group_Large_B.uexp" 692
"D:/UnrealProjects/FishFlock/Content/OceanEnvironmentPack/Textures/LandscapeTextures/T_DesertSand3_DISP.ubulk" 693
"D:/UnrealProjects/FishFlock/Content/OceanEnvironmentPack/Textures/LandscapeTextures/T_DesertSand3_DISP.uasset" 694
"D:/UnrealProjects/FishFlock/Content/OceanEnvironmentPack/Textures/LandscapeTextures/T_DesertSand3_DISP.uexp" 695
"D:/UnrealProjects/FishFlock/Content/OceanEnvironmentPack/Textures/LandscapeTextures/T_RockPerforated_A_Dif.ubulk" 696
"D:/UnrealProjects/FishFlock/Content/OceanEnvironmentPack/Textures/LandscapeTextures/T_RockPerforated_A_Dif.uasset" 697
"D:/UnrealProjects/FishFlock/Content/OceanEnvironmentPack/Textures/LandscapeTextures/T_RockPerforated_A_Dif.uexp" 698
"D:/UnrealProjects/FishFlock/Content/OceanEnvironmentPack/Textures/TilableTextures/T_Norm_Detail_Speckles.ubulk" 699
"D:/UnrealProjects/FishFlock/Content/OceanEnvironmentPack/Textures/TilableTextures/T_Norm_Detail_Speckles.uasset" 700
"D:/UnrealProjects/FishFlock/Content/OceanEnvironmentPack/Textures/TilableTextures/T_Norm_Detail_Speckles.uexp" 701
"D:/UnrealProjects/FishFlock/Content/OceanEnvironmentPack/Textures/LandscapeTextures/T_DesertSand3_Norm.ubulk" 702
"D:/UnrealProjects/FishFlock/Content/OceanEnvironmentPack/Textures/LandscapeTextures/T_DesertSand3_Norm.uasset" 703
"D:/UnrealProjects/FishFlock/Content/OceanEnvironmentPack/Textures/LandscapeTextures/T_DesertSand3_Norm.uexp" 704
"D:/UnrealProjects/FishFlock/Content/OceanEnvironmentPack/Textures/LandscapeTextures/T_Sand_Normal.ubulk" 705
"D:/UnrealProjects/FishFlock/Content/OceanEnvironmentPack/Textures/LandscapeTextures/T_Sand_Normal.uasset" 706
"D:/UnrealProjects/FishFlock/Content/OceanEnvironmentPack/Textures/LandscapeTextures/T_Sand_Normal.uexp" 707
"D:/UnrealProjects/FishFlock/Content/OceanEnvironmentPack/Textures/LandscapeTextures/T_WavySand_Dif.ubulk" 708
"D:/UnrealProjects/FishFlock/Content/OceanEnvironmentPack/Textures/LandscapeTextures/T_WavySand_Dif.uasset" 709
"D:/UnrealProjects/FishFlock/Content/OceanEnvironmentPack/Textures/LandscapeTextures/T_WavySand_Dif.uexp" 710
"D:/UnrealProjects/FishFlock/Content/OceanEnvironmentPack/Textures/LandscapeTextures/T_SandwPebbles_B_Spec.ubulk" 711
"D:/UnrealProjects/FishFlock/Content/OceanEnvironmentPack/Textures/LandscapeTextures/T_SandwPebbles_B_Spec.uasset" 712
"D:/UnrealProjects/FishFlock/Content/OceanEnvironmentPack/Textures/LandscapeTextures/T_SandwPebbles_B_Spec.uexp" 713
"D:/UnrealProjects/FishFlock/Content/OceanEnvironmentPack/Textures/LandscapeTextures/T_DesertSand_Dif.ubulk" 714
"D:/UnrealProjects/FishFlock/Content/OceanEnvironmentPack/Textures/LandscapeTextures/T_DesertSand_Dif.uasset" 715
"D:/UnrealProjects/FishFlock/Content/OceanEnvironmentPack/Textures/LandscapeTextures/T_DesertSand_Dif.uexp" 716
"D:/UnrealProjects/FishFlock/Content/OceanEnvironmentPack/Textures/LandscapeTextures/T_WavySand_Norm.ubulk" 717
"D:/UnrealProjects/FishFlock/Content/OceanEnvironmentPack/Textures/LandscapeTextures/T_WavySand_Norm.uasset" 718
"D:/UnrealProjects/FishFlock/Content/OceanEnvironmentPack/Textures/LandscapeTextures/T_WavySand_Norm.uexp" 719
"D:/UnrealProjects/FishFlock/Content/OceanEnvironmentPack/Textures/LandscapeTextures/T_SandwPebbles_B_Dif.ubulk" 720
"D:/UnrealProjects/FishFlock/Content/OceanEnvironmentPack/Textures/LandscapeTextures/T_SandwPebbles_B_Dif.uasset" 721
"D:/UnrealProjects/FishFlock/Content/OceanEnvironmentPack/Textures/LandscapeTextures/T_SandwPebbles_B_Dif.uexp" 722
"D:/UnrealProjects/FishFlock/Content/OceanEnvironmentPack/Materials/ParentMaterials/Function_DistanceFade.uasset" 723
"D:/UnrealProjects/FishFlock/Content/OceanEnvironmentPack/Materials/ParentMaterials/Function_DistanceFade.uexp" 724
"D:/UnrealProjects/FishFlock/Content/OceanEnvironmentPack/Textures/LandscapeTextures/T_Sand_Dif.ubulk" 725
"D:/UnrealProjects/FishFlock/Content/OceanEnvironmentPack/Textures/LandscapeTextures/T_Sand_Dif.uasset" 726
"D:/UnrealProjects/FishFlock/Content/OceanEnvironmentPack/Textures/LandscapeTextures/T_Sand_Dif.uexp" 727
"D:/UnrealProjects/FishFlock/Content/OceanEnvironmentPack/Textures/LandscapeTextures/T_Sand_Specular.ubulk" 728
"D:/UnrealProjects/FishFlock/Content/OceanEnvironmentPack/Textures/LandscapeTextures/T_Sand_Specular.uasset" 729
"D:/UnrealProjects/FishFlock/Content/OceanEnvironmentPack/Textures/LandscapeTextures/T_Sand_Specular.uexp" 730
"D:/UnrealProjects/FishFlock/Content/OceanEnvironmentPack/Textures/LandscapeTextures/T_SandPebbles_Norm.ubulk" 731
"D:/UnrealProjects/FishFlock/Content/OceanEnvironmentPack/Textures/LandscapeTextures/T_SandPebbles_Norm.uasset" 732
"D:/UnrealProjects/FishFlock/Content/OceanEnvironmentPack/Textures/LandscapeTextures/T_SandPebbles_Norm.uexp" 733
"D:/UnrealProjects/FishFlock/Content/OceanEnvironmentPack/Textures/LandscapeTextures/T_SandPebbles_Dif.ubulk" 734
"D:/UnrealProjects/FishFlock/Content/OceanEnvironmentPack/Textures/LandscapeTextures/T_SandPebbles_Dif.uasset" 735
"D:/UnrealProjects/FishFlock/Content/OceanEnvironmentPack/Textures/LandscapeTextures/T_SandPebbles_Dif.uexp" 736
"D:/UnrealProjects/FishFlock/Content/OceanEnvironmentPack/Textures/LandscapeTextures/T_DesertSand_Norm.ubulk" 737
"D:/UnrealProjects/FishFlock/Content/OceanEnvironmentPack/Textures/LandscapeTextures/T_DesertSand_Norm.uasset" 738
"D:/UnrealProjects/FishFlock/Content/OceanEnvironmentPack/Textures/LandscapeTextures/T_DesertSand_Norm.uexp" 739
"D:/UnrealProjects/FishFlock/Content/OceanEnvironmentPack/Textures/LandscapeTextures/T_SandPebbles_Spec.ubulk" 740
"D:/UnrealProjects/FishFlock/Content/OceanEnvironmentPack/Textures/LandscapeTextures/T_SandPebbles_Spec.uasset" 741
"D:/UnrealProjects/FishFlock/Content/OceanEnvironmentPack/Textures/LandscapeTextures/T_SandPebbles_Spec.uexp" 742
"D:/UnrealProjects/FishFlock/Content/OceanEnvironmentPack/Textures/LandscapeTextures/T_Sand_Norm.ubulk" 743
"D:/UnrealProjects/FishFlock/Content/OceanEnvironmentPack/Textures/LandscapeTextures/T_Sand_Norm.uasset" 744
"D:/UnrealProjects/FishFlock/Content/OceanEnvironmentPack/Textures/LandscapeTextures/T_Sand_Norm.uexp" 745
"D:/UnrealProjects/FishFlock/Content/OceanEnvironmentPack/Materials/LandscapeMaterials/M_Ocean_Terrain.uasset" 746
"D:/UnrealProjects/FishFlock/Content/OceanEnvironmentPack/Materials/LandscapeMaterials/M_Ocean_Terrain.uexp" 747
"D:/UnrealProjects/FishFlock/Content/OceanEnvironmentPack/Textures/LandscapeTextures/T_RockPerforated_A_Norm.ubulk" 748
"D:/UnrealProjects/FishFlock/Content/OceanEnvironmentPack/Textures/LandscapeTextures/T_RockPerforated_A_Norm.uasset" 749
"D:/UnrealProjects/FishFlock/Content/OceanEnvironmentPack/Textures/LandscapeTextures/T_RockPerforated_A_Norm.uexp" 750
"D:/UnrealProjects/FishFlock/Content/OceanEnvironmentPack/Textures/LandscapeTextures/T_SandwPebbles_B_Norm.ubulk" 751
"D:/UnrealProjects/FishFlock/Content/OceanEnvironmentPack/Textures/LandscapeTextures/T_SandwPebbles_B_Norm.uasset" 752
"D:/UnrealProjects/FishFlock/Content/OceanEnvironmentPack/Textures/LandscapeTextures/T_SandwPebbles_B_Norm.uexp" 753
"D:/UnrealProjects/FishFlock/Content/OceanEnvironmentPack/Materials/LandscapeMaterials/MI_Ocean_Terrain_A.uasset" 754
"D:/UnrealProjects/FishFlock/Content/OceanEnvironmentPack/Materials/LandscapeMaterials/MI_Ocean_Terrain_A.uexp" 755
"D:/UnrealProjects/FishFlock/Content/OceanEnvironmentPack/Textures/PlantTextures/T_Kelp_Stem_Norm.ubulk" 756
"D:/UnrealProjects/FishFlock/Content/OceanEnvironmentPack/Textures/PlantTextures/T_Kelp_Stem_Norm.uasset" 757
"D:/UnrealProjects/FishFlock/Content/OceanEnvironmentPack/Textures/PlantTextures/T_Kelp_Stem_Norm.uexp" 758
"D:/UnrealProjects/FishFlock/Content/OceanEnvironmentPack/Textures/TilableTextures/T_Norm_Detail_Brushed.ubulk" 759
"D:/UnrealProjects/FishFlock/Content/OceanEnvironmentPack/Textures/TilableTextures/T_Norm_Detail_Brushed.uasset" 760
"D:/UnrealProjects/FishFlock/Content/OceanEnvironmentPack/Textures/TilableTextures/T_Norm_Detail_Brushed.uexp" 761
"D:/UnrealProjects/FishFlock/Content/OceanEnvironmentPack/Materials/ParentMaterials/M_Grass_Ocean.uasset" 762
"D:/UnrealProjects/FishFlock/Content/OceanEnvironmentPack/Materials/ParentMaterials/M_Grass_Ocean.uexp" 763
"D:/UnrealProjects/FishFlock/Content/OceanEnvironmentPack/Textures/PlantTextures/T_Kelp_Stem_Dif.ubulk" 764
"D:/UnrealProjects/FishFlock/Content/OceanEnvironmentPack/Textures/PlantTextures/T_Kelp_Stem_Dif.uasset" 765
"D:/UnrealProjects/FishFlock/Content/OceanEnvironmentPack/Textures/PlantTextures/T_Kelp_Stem_Dif.uexp" 766
"D:/UnrealProjects/FishFlock/Content/OceanEnvironmentPack/Materials/PlantMaterials/Seaweed/MI_Kelp_Stem.uasset" 767
"D:/UnrealProjects/FishFlock/Content/OceanEnvironmentPack/Materials/PlantMaterials/Seaweed/MI_Kelp_Stem.uexp" 768
"D:/UnrealProjects/FishFlock/Content/OceanEnvironmentPack/Textures/PlantTextures/T_Kelp_Glow.ubulk" 769
"D:/UnrealProjects/FishFlock/Content/OceanEnvironmentPack/Textures/PlantTextures/T_Kelp_Glow.uasset" 770
"D:/UnrealProjects/FishFlock/Content/OceanEnvironmentPack/Textures/PlantTextures/T_Kelp_Glow.uexp" 771
"D:/UnrealProjects/FishFlock/Content/OceanEnvironmentPack/Textures/PlantTextures/T_Kelp_Dif.ubulk" 772
"D:/UnrealProjects/FishFlock/Content/OceanEnvironmentPack/Textures/PlantTextures/T_Kelp_Dif.uasset" 773
"D:/UnrealProjects/FishFlock/Content/OceanEnvironmentPack/Textures/PlantTextures/T_Kelp_Dif.uexp" 774
"D:/UnrealProjects/FishFlock/Content/OceanEnvironmentPack/Textures/PlantTextures/T_Kelp_Norm.ubulk" 775
"D:/UnrealProjects/FishFlock/Content/OceanEnvironmentPack/Textures/PlantTextures/T_Kelp_Norm.uasset" 776
"D:/UnrealProjects/FishFlock/Content/OceanEnvironmentPack/Textures/PlantTextures/T_Kelp_Norm.uexp" 777
"D:/UnrealProjects/FishFlock/Content/OceanEnvironmentPack/Materials/PlantMaterials/Seaweed/MI_Kelp_B.uasset" 778
"D:/UnrealProjects/FishFlock/Content/OceanEnvironmentPack/Materials/PlantMaterials/Seaweed/MI_Kelp_B.uexp" 779
"D:/UnrealProjects/FishFlock/Content/OceanEnvironmentPack/Meshes/Plants/Kelp/SM_Kelp_B.ubulk" 780
"D:/UnrealProjects/FishFlock/Content/OceanEnvironmentPack/Meshes/Plants/Kelp/SM_Kelp_B.uasset" 781
"D:/UnrealProjects/FishFlock/Content/OceanEnvironmentPack/Meshes/Plants/Kelp/SM_Kelp_B.uexp" 782
"D:/UnrealProjects/FishFlock/Content/OceanEnvironmentPack/Textures/T_Rock_B_DISP_Mask.ubulk" 783
"D:/UnrealProjects/FishFlock/Content/OceanEnvironmentPack/Textures/T_Rock_B_DISP_Mask.uasset" 784
"D:/UnrealProjects/FishFlock/Content/OceanEnvironmentPack/Textures/T_Rock_B_DISP_Mask.uexp" 785
"D:/UnrealProjects/FishFlock/Content/OceanEnvironmentPack/Textures/TilableTextures/T_Norm_Detail_Sand.ubulk" 786
"D:/UnrealProjects/FishFlock/Content/OceanEnvironmentPack/Textures/TilableTextures/T_Norm_Detail_Sand.uasset" 787
"D:/UnrealProjects/FishFlock/Content/OceanEnvironmentPack/Textures/TilableTextures/T_Norm_Detail_Sand.uexp" 788
"../../../Engine/Content/EngineMaterials/BlendFunc_DefBlend.uasset" 789
"../../../Engine/Content/EngineMaterials/BlendFunc_DefBlend.uexp" 790
"../../../Engine/Content/EngineMaterials/BlendFunc_DefBase.uasset" 791
"../../../Engine/Content/EngineMaterials/BlendFunc_DefBase.uexp" 792
"../../../Engine/Content/Functions/Engine_MaterialFunctions03/Blends/Blend_Overlay.uasset" 793
"../../../Engine/Content/Functions/Engine_MaterialFunctions03/Blends/Blend_Overlay.uexp" 794
"D:/UnrealProjects/FishFlock/Content/OceanEnvironmentPack/Textures/LandscapeTextures/T_Sand_Detail.ubulk" 795
"D:/UnrealProjects/FishFlock/Content/OceanEnvironmentPack/Textures/LandscapeTextures/T_Sand_Detail.uasset" 796
"D:/UnrealProjects/FishFlock/Content/OceanEnvironmentPack/Textures/LandscapeTextures/T_Sand_Detail.uexp" 797
"D:/UnrealProjects/FishFlock/Content/OceanEnvironmentPack/Materials/RockMaterials/M_Rock_Master.uasset" 798
"D:/UnrealProjects/FishFlock/Content/OceanEnvironmentPack/Materials/RockMaterials/M_Rock_Master.uexp" 799
"D:/UnrealProjects/FishFlock/Content/OceanEnvironmentPack/Materials/RockMaterials/MI_Rock_A.uasset" 800
"D:/UnrealProjects/FishFlock/Content/OceanEnvironmentPack/Materials/RockMaterials/MI_Rock_A.uexp" 801
"D:/UnrealProjects/FishFlock/Content/OceanEnvironmentPack/Materials/RockMaterials/MI_Rock_B.uasset" 802
"D:/UnrealProjects/FishFlock/Content/OceanEnvironmentPack/Materials/RockMaterials/MI_Rock_B.uexp" 803
"D:/UnrealProjects/FishFlock/Content/OceanEnvironmentPack/Meshes/SM_Rock_B.ubulk" 804
"D:/UnrealProjects/FishFlock/Content/OceanEnvironmentPack/Meshes/SM_Rock_B.uasset" 805
"D:/UnrealProjects/FishFlock/Content/OceanEnvironmentPack/Meshes/SM_Rock_B.uexp" 806
"D:/UnrealProjects/FishFlock/Content/_FishFlock/Maps/Underwater_sharedassets/Sand_00_LayerInfo.uasset" 807
"D:/UnrealProjects/FishFlock/Content/_FishFlock/Maps/Underwater_sharedassets/Sand_00_LayerInfo.uexp" 808
"D:/UnrealProjects/FishFlock/Content/OceanEnvironmentPack/Materials/PlantMaterials/Seaweed/MI_Kelp_A.uasset" 809
"D:/UnrealProjects/FishFlock/Content/OceanEnvironmentPack/Materials/PlantMaterials/Seaweed/MI_Kelp_A.uexp" 810
"D:/UnrealProjects/FishFlock/Content/OceanEnvironmentPack/Meshes/Plants/Kelp/SM_Kelp_A.ubulk" 811
"D:/UnrealProjects/FishFlock/Content/OceanEnvironmentPack/Meshes/Plants/Kelp/SM_Kelp_A.uasset" 812
"D:/UnrealProjects/FishFlock/Content/OceanEnvironmentPack/Meshes/Plants/Kelp/SM_Kelp_A.uexp" 813
"D:/UnrealProjects/FishFlock/Content/OceanEnvironmentPack/Textures/TilableTextures/T_Gradient_Vertical_C.ubulk" 814
"D:/UnrealProjects/FishFlock/Content/OceanEnvironmentPack/Textures/TilableTextures/T_Gradient_Vertical_C.uasset" 815
"D:/UnrealProjects/FishFlock/Content/OceanEnvironmentPack/Textures/TilableTextures/T_Gradient_Vertical_C.uexp" 816
"D:/UnrealProjects/FishFlock/Content/OceanEnvironmentPack/Materials/PlantMaterials/Anemone/M_Anemone_Tesselated.uasset" 817
"D:/UnrealProjects/FishFlock/Content/OceanEnvironmentPack/Materials/PlantMaterials/Anemone/M_Anemone_Tesselated.uexp" 818
"D:/UnrealProjects/FishFlock/Content/OceanEnvironmentPack/Textures/TilableTextures/T_CausticFlowMap.ubulk" 819
"D:/UnrealProjects/FishFlock/Content/OceanEnvironmentPack/Textures/TilableTextures/T_CausticFlowMap.uasset" 820
"D:/UnrealProjects/FishFlock/Content/OceanEnvironmentPack/Textures/TilableTextures/T_CausticFlowMap.uexp" 821
"D:/UnrealProjects/FishFlock/Content/OceanEnvironmentPack/Textures/TilableTextures/T_Gradient_Vertical_B.ubulk" 822
"D:/UnrealProjects/FishFlock/Content/OceanEnvironmentPack/Textures/TilableTextures/T_Gradient_Vertical_B.uasset" 823
"D:/UnrealProjects/FishFlock/Content/OceanEnvironmentPack/Textures/TilableTextures/T_Gradient_Vertical_B.uexp" 824
"D:/UnrealProjects/FishFlock/Content/OceanEnvironmentPack/Materials/PlantMaterials/Anemone/MI_Anemone_Multicolor.uasset" 825
"D:/UnrealProjects/FishFlock/Content/OceanEnvironmentPack/Materials/PlantMaterials/Anemone/MI_Anemone_Multicolor.uexp" 826
"D:/UnrealProjects/FishFlock/Content/OceanEnvironmentPack/Materials/PlantMaterials/Anemone/M_Anemone.uasset" 827
"D:/UnrealProjects/FishFlock/Content/OceanEnvironmentPack/Materials/PlantMaterials/Anemone/M_Anemone.uexp" 828
"D:/UnrealProjects/FishFlock/Content/OceanEnvironmentPack/Materials/PlantMaterials/Anemone/MI_Anemone_Multicolor_LODs.uasset" 829
"D:/UnrealProjects/FishFlock/Content/OceanEnvironmentPack/Materials/PlantMaterials/Anemone/MI_Anemone_Multicolor_LODs.uexp" 830
"D:/UnrealProjects/FishFlock/Content/OceanEnvironmentPack/Textures/PlantTextures/T_Anemone_Billboard.ubulk" 831
"D:/UnrealProjects/FishFlock/Content/OceanEnvironmentPack/Textures/PlantTextures/T_Anemone_Billboard.uasset" 832
"D:/UnrealProjects/FishFlock/Content/OceanEnvironmentPack/Textures/PlantTextures/T_Anemone_Billboard.uexp" 833
"D:/UnrealProjects/FishFlock/Content/OceanEnvironmentPack/Materials/PlantMaterials/Anemone/M_Anemone_Billboard.uasset" 834
"D:/UnrealProjects/FishFlock/Content/OceanEnvironmentPack/Materials/PlantMaterials/Anemone/M_Anemone_Billboard.uexp" 835
"D:/UnrealProjects/FishFlock/Content/OceanEnvironmentPack/Materials/PlantMaterials/Anemone/MI_Anemone_Multicolor_Billboard.uasset" 836
"D:/UnrealProjects/FishFlock/Content/OceanEnvironmentPack/Materials/PlantMaterials/Anemone/MI_Anemone_Multicolor_Billboard.uexp" 837
"D:/UnrealProjects/FishFlock/Content/OceanEnvironmentPack/Materials/PlantMaterials/SeaSponge/MI_SeaSponge_Large_Base.uasset" 838
"D:/UnrealProjects/FishFlock/Content/OceanEnvironmentPack/Materials/PlantMaterials/SeaSponge/MI_SeaSponge_Large_Base.uexp" 839
"D:/UnrealProjects/FishFlock/Content/OceanEnvironmentPack/Meshes/Plants/SM_Anemone.ubulk" 840
"D:/UnrealProjects/FishFlock/Content/OceanEnvironmentPack/Meshes/Plants/SM_Anemone.uasset" 841
"D:/UnrealProjects/FishFlock/Content/OceanEnvironmentPack/Meshes/Plants/SM_Anemone.uexp" 842
"D:/UnrealProjects/FishFlock/Content/OceanEnvironmentPack/Textures/TilableTextures/T_Gradient_Vertical_2wayB.ubulk" 843
"D:/UnrealProjects/FishFlock/Content/OceanEnvironmentPack/Textures/TilableTextures/T_Gradient_Vertical_2wayB.uasset" 844
"D:/UnrealProjects/FishFlock/Content/OceanEnvironmentPack/Textures/TilableTextures/T_Gradient_Vertical_2wayB.uexp" 845
"D:/UnrealProjects/FishFlock/Content/OceanEnvironmentPack/Materials/EffectMaterials/M_GodRay.uasset" 846
"D:/UnrealProjects/FishFlock/Content/OceanEnvironmentPack/Materials/EffectMaterials/M_GodRay.uexp" 847
"D:/UnrealProjects/FishFlock/Content/OceanEnvironmentPack/Materials/EffectMaterials/MI_GodRay.uasset" 848
"D:/UnrealProjects/FishFlock/Content/OceanEnvironmentPack/Materials/EffectMaterials/MI_GodRay.uexp" 849
"D:/UnrealProjects/FishFlock/Content/OceanEnvironmentPack/Meshes/SM_GodRay.ubulk" 850
"D:/UnrealProjects/FishFlock/Content/OceanEnvironmentPack/Meshes/SM_GodRay.uasset" 851
"D:/UnrealProjects/FishFlock/Content/OceanEnvironmentPack/Meshes/SM_GodRay.uexp" 852
"../../../Engine/Content/EngineMaterials/DefaultPhysicalMaterial.uasset" 853
"../../../Engine/Content/EngineMaterials/DefaultPhysicalMaterial.uexp" 854
"D:/UnrealProjects/FishFlock/Content/OceanEnvironmentPack/Meshes/Plants/SeaSponge/SM_SeaSponge_Group_Small.ubulk" 855
"D:/UnrealProjects/FishFlock/Content/OceanEnvironmentPack/Meshes/Plants/SeaSponge/SM_SeaSponge_Group_Small.uasset" 856
"D:/UnrealProjects/FishFlock/Content/OceanEnvironmentPack/Meshes/Plants/SeaSponge/SM_SeaSponge_Group_Small.uexp" 857
"../../../Engine/Content/MapTemplates/Sky/T_Sky_Stars.ubulk" 858
"../../../Engine/Content/MapTemplates/Sky/T_Sky_Stars.uasset" 859
"../../../Engine/Content/MapTemplates/Sky/T_Sky_Stars.uexp" 860
"../../../Engine/Content/MapTemplates/Sky/T_UDK_Sky_CloudMask01_N.ubulk" 861
"../../../Engine/Content/MapTemplates/Sky/T_UDK_Sky_CloudMask01_N.uasset" 862
"../../../Engine/Content/MapTemplates/Sky/T_UDK_Sky_CloudMask01_N.uexp" 863
"../../../Engine/Content/MapTemplates/T_UDK_Sky_CloudMask03.ubulk" 864
"../../../Engine/Content/MapTemplates/T_UDK_Sky_CloudMask03.uasset" 865
"../../../Engine/Content/MapTemplates/T_UDK_Sky_CloudMask03.uexp" 866
"../../../Engine/Content/MapTemplates/Sky/M_Procedural_Sky_MASTER02.uasset" 867
"../../../Engine/Content/MapTemplates/Sky/M_Procedural_Sky_MASTER02.uexp" 868
"../../../Engine/Content/MapTemplates/Sky/SM_SkySphere.ubulk" 869
"../../../Engine/Content/MapTemplates/Sky/SM_SkySphere.uasset" 870
"../../../Engine/Content/MapTemplates/Sky/SM_SkySphere.uexp" 871
"D:/UnrealProjects/FishFlock/Content/OceanEnvironmentPack/Textures/PlantTextures/T_Seaweed_Glow.ubulk" 872
"D:/UnrealProjects/FishFlock/Content/OceanEnvironmentPack/Textures/PlantTextures/T_Seaweed_Glow.uasset" 873
"D:/UnrealProjects/FishFlock/Content/OceanEnvironmentPack/Textures/PlantTextures/T_Seaweed_Glow.uexp" 874
"D:/UnrealProjects/FishFlock/Content/OceanEnvironmentPack/Textures/PlantTextures/T_Seaweed_Norm.ubulk" 875
"D:/UnrealProjects/FishFlock/Content/OceanEnvironmentPack/Textures/PlantTextures/T_Seaweed_Norm.uasset" 876
"D:/UnrealProjects/FishFlock/Content/OceanEnvironmentPack/Textures/PlantTextures/T_Seaweed_Norm.uexp" 877
"D:/UnrealProjects/FishFlock/Content/OceanEnvironmentPack/Materials/PlantMaterials/Seaweed/MI_SeaWeed_A.uasset" 878
"D:/UnrealProjects/FishFlock/Content/OceanEnvironmentPack/Materials/PlantMaterials/Seaweed/MI_SeaWeed_A.uexp" 879
"D:/UnrealProjects/FishFlock/Content/OceanEnvironmentPack/Meshes/Plants/SM_SeaWeed_Single.ubulk" 880
"D:/UnrealProjects/FishFlock/Content/OceanEnvironmentPack/Meshes/Plants/SM_SeaWeed_Single.uasset" 881
"D:/UnrealProjects/FishFlock/Content/OceanEnvironmentPack/Meshes/Plants/SM_SeaWeed_Single.uexp" 882
"D:/UnrealProjects/FishFlock/Content/OceanEnvironmentPack/Materials/ParentMaterials/M_Grass_Ocean_Tesselated.uasset" 883
"D:/UnrealProjects/FishFlock/Content/OceanEnvironmentPack/Materials/ParentMaterials/M_Grass_Ocean_Tesselated.uexp" 884
"D:/UnrealProjects/FishFlock/Content/OceanEnvironmentPack/Materials/PlantMaterials/Seaweed/MI_SeaWeed_B.uasset" 885
"D:/UnrealProjects/FishFlock/Content/OceanEnvironmentPack/Materials/PlantMaterials/Seaweed/MI_SeaWeed_B.uexp" 886
"D:/UnrealProjects/FishFlock/Content/OceanEnvironmentPack/Meshes/Plants/SM_SeaWeed_Multi.ubulk" 887
"D:/UnrealProjects/FishFlock/Content/OceanEnvironmentPack/Meshes/Plants/SM_SeaWeed_Multi.uasset" 888
"D:/UnrealProjects/FishFlock/Content/OceanEnvironmentPack/Meshes/Plants/SM_SeaWeed_Multi.uexp" 889
"D:/UnrealProjects/FishFlock/Content/OceanEnvironmentPack/Materials/PlantMaterials/SeaSponge/MI_SeaSpongeLarge.uasset" 890
"D:/UnrealProjects/FishFlock/Content/OceanEnvironmentPack/Materials/PlantMaterials/SeaSponge/MI_SeaSpongeLarge.uexp" 891
"D:/UnrealProjects/FishFlock/Content/OceanEnvironmentPack/Meshes/Plants/SeaSponge/SM_SeaSponge_Group_Large_A.ubulk" 892
"D:/UnrealProjects/FishFlock/Content/OceanEnvironmentPack/Meshes/Plants/SeaSponge/SM_SeaSponge_Group_Large_A.uasset" 893
"D:/UnrealProjects/FishFlock/Content/OceanEnvironmentPack/Meshes/Plants/SeaSponge/SM_SeaSponge_Group_Large_A.uexp" 894
"D:/UnrealProjects/FishFlock/Content/_FishFlock/FishGroups/Meshes/PA_Cube.uasset" 895
"D:/UnrealProjects/FishFlock/Content/_FishFlock/FishGroups/Meshes/PA_Cube.uexp" 896
"D:/UnrealProjects/FishFlock/Content/_FishFlock/FishGroups/Meshes/Cube_Skeleton.uasset" 897
"D:/UnrealProjects/FishFlock/Content/_FishFlock/FishGroups/Meshes/Cube_Skeleton.uexp" 898
"D:/UnrealProjects/FishFlock/Content/_FishFlock/FishGroups/Meshes/DefaultMaterial.uasset" 899
"D:/UnrealProjects/FishFlock/Content/_FishFlock/FishGroups/Meshes/DefaultMaterial.uexp" 900
"D:/UnrealProjects/FishFlock/Content/_FishFlock/FishGroups/Meshes/SK_Cube.uasset" 901
"D:/UnrealProjects/FishFlock/Content/_FishFlock/FishGroups/Meshes/SK_Cube.uexp" 902
"../../../Engine/Content/Animation/DefaultAnimCurveCompressionSettings.uasset" 903
"../../../Engine/Content/Animation/DefaultAnimCurveCompressionSettings.uexp" 904
"../../../Engine/Content/Animation/DefaultAnimBoneCompressionSettings.uasset" 905
"../../../Engine/Content/Animation/DefaultAnimBoneCompressionSettings.uexp" 906
"D:/UnrealProjects/FishFlock/Content/FishForFishSchoolSystem/Animations/Fish_Anim.uasset" 907
"D:/UnrealProjects/FishFlock/Content/FishForFishSchoolSystem/Animations/Fish_Anim.uexp" 908
"D:/UnrealProjects/FishFlock/Content/FishForFishSchoolSystem/Animations/Fish_Anim_Fast.uasset" 909
"D:/UnrealProjects/FishFlock/Content/FishForFishSchoolSystem/Animations/Fish_Anim_Fast.uexp" 910
"D:/UnrealProjects/FishFlock/Content/_FishFlock/Fishes/Animations/ABP_Fish.uasset" 911
"D:/UnrealProjects/FishFlock/Content/_FishFlock/Fishes/Animations/ABP_Fish.uexp" 912
"D:/UnrealProjects/FishFlock/Content/FishForFishSchoolSystem/Textures/Tuna/T_Tuna_Opacity.ubulk" 913
"D:/UnrealProjects/FishFlock/Content/FishForFishSchoolSystem/Textures/Tuna/T_Tuna_Opacity.uasset" 914
"D:/UnrealProjects/FishFlock/Content/FishForFishSchoolSystem/Textures/Tuna/T_Tuna_Opacity.uexp" 915
"D:/UnrealProjects/FishFlock/Content/FishForFishSchoolSystem/Textures/Tuna/T_Tuna_Eyemask.ubulk" 916
"D:/UnrealProjects/FishFlock/Content/FishForFishSchoolSystem/Textures/Tuna/T_Tuna_Eyemask.uasset" 917
"D:/UnrealProjects/FishFlock/Content/FishForFishSchoolSystem/Textures/Tuna/T_Tuna_Eyemask.uexp" 918
"D:/UnrealProjects/FishFlock/Content/FishForFishSchoolSystem/Textures/Tuna/T_Tuna_Norm.ubulk" 919
"D:/UnrealProjects/FishFlock/Content/FishForFishSchoolSystem/Textures/Tuna/T_Tuna_Norm.uasset" 920
"D:/UnrealProjects/FishFlock/Content/FishForFishSchoolSystem/Textures/Tuna/T_Tuna_Norm.uexp" 921
"D:/UnrealProjects/FishFlock/Content/FishForFishSchoolSystem/Textures/Tuna/T_Tuna_NormMask.ubulk" 922
"D:/UnrealProjects/FishFlock/Content/FishForFishSchoolSystem/Textures/Tuna/T_Tuna_NormMask.uasset" 923
"D:/UnrealProjects/FishFlock/Content/FishForFishSchoolSystem/Textures/Tuna/T_Tuna_NormMask.uexp" 924
"D:/UnrealProjects/FishFlock/Content/FishForFishSchoolSystem/Textures/Tuna/T_Tuna_Dif.uasset" 925
"D:/UnrealProjects/FishFlock/Content/FishForFishSchoolSystem/Textures/Tuna/T_Tuna_Dif.uexp" 926
"D:/UnrealProjects/FishFlock/Content/FishForFishSchoolSystem/Materials/Tuna/MI_Tuna.uasset" 927
"D:/UnrealProjects/FishFlock/Content/FishForFishSchoolSystem/Materials/Tuna/MI_Tuna.uexp" 928
"D:/UnrealProjects/FishFlock/Content/FishForFishSchoolSystem/Meshes/Tuna/Tuna_PhysicsAsset.uasset" 929
"D:/UnrealProjects/FishFlock/Content/FishForFishSchoolSystem/Meshes/Tuna/Tuna_PhysicsAsset.uexp" 930
"D:/UnrealProjects/FishFlock/Content/FishForFishSchoolSystem/Meshes/Tuna/SK_Tuna.uasset" 931
"D:/UnrealProjects/FishFlock/Content/FishForFishSchoolSystem/Meshes/Tuna/SK_Tuna.uexp" 932
"D:/UnrealProjects/FishFlock/Content/_FishFlock/Fishes/Blueprints/BP_TunaFish.uasset" 933
"D:/UnrealProjects/FishFlock/Content/_FishFlock/Fishes/Blueprints/BP_TunaFish.uexp" 934
"D:/UnrealProjects/FishFlock/Content/_FishFlock/FishGroups/Animations/A_Cube.uasset" 935
"D:/UnrealProjects/FishFlock/Content/_FishFlock/FishGroups/Animations/A_Cube.uexp" 936
"D:/UnrealProjects/FishFlock/Content/_FishFlock/Controller/ABP_FishController.uasset" 937
"D:/UnrealProjects/FishFlock/Content/_FishFlock/Controller/ABP_FishController.uexp" 938
"D:/UnrealProjects/FishFlock/Content/_FishFlock/FishGroups/Blueprints/BP_TunaGroup.uasset" 939
"D:/UnrealProjects/FishFlock/Content/_FishFlock/FishGroups/Blueprints/BP_TunaGroup.uexp" 940
"D:/UnrealProjects/FishFlock/Content/OceanEnvironmentPack/Textures/HDR_Davis3D_Studio_1.uasset" 941
"D:/UnrealProjects/FishFlock/Content/OceanEnvironmentPack/Textures/HDR_Davis3D_Studio_1.uexp" 942
"D:/UnrealProjects/FishFlock/Content/OceanEnvironmentPack/Textures/TilableTextures/T_Caustics.ubulk" 943
"D:/UnrealProjects/FishFlock/Content/OceanEnvironmentPack/Textures/TilableTextures/T_Caustics.uasset" 944
"D:/UnrealProjects/FishFlock/Content/OceanEnvironmentPack/Textures/TilableTextures/T_Caustics.uexp" 945
"D:/UnrealProjects/FishFlock/Content/OceanEnvironmentPack/Materials/EffectMaterials/M_Caustics.uasset" 946
"D:/UnrealProjects/FishFlock/Content/OceanEnvironmentPack/Materials/EffectMaterials/M_Caustics.uexp" 947
"D:/UnrealProjects/FishFlock/Content/OceanEnvironmentPack/Materials/EffectMaterials/MI_Caustics.uasset" 948
"D:/UnrealProjects/FishFlock/Content/OceanEnvironmentPack/Materials/EffectMaterials/MI_Caustics.uexp" 949
"D:/UnrealProjects/FishFlock/Content/OceanEnvironmentPack/Blueprints/BP_Dynamic_Deep_Sea_Lighting.uasset" 950
"D:/UnrealProjects/FishFlock/Content/OceanEnvironmentPack/Blueprints/BP_Dynamic_Deep_Sea_Lighting.uexp" 951
"../../../Engine/Content/MapTemplates/Sky/M_BlackBackground.uasset" 952
"../../../Engine/Content/MapTemplates/Sky/M_BlackBackground.uexp" 953
"D:/UnrealProjects/FishFlock/Content/Swordfish/Textures/T_Swordfish_Normal.ubulk" 954
"D:/UnrealProjects/FishFlock/Content/Swordfish/Textures/T_Swordfish_Normal.uasset" 955
"D:/UnrealProjects/FishFlock/Content/Swordfish/Textures/T_Swordfish_Normal.uexp" 956
"D:/UnrealProjects/FishFlock/Content/Swordfish/Textures/T_Swordfish_BaseColor.ubulk" 957
"D:/UnrealProjects/FishFlock/Content/Swordfish/Textures/T_Swordfish_BaseColor.uasset" 958
"D:/UnrealProjects/FishFlock/Content/Swordfish/Textures/T_Swordfish_BaseColor.uexp" 959
"D:/UnrealProjects/FishFlock/Content/Swordfish/Textures/T_Swordfish_OcclusionRoughnessMetallic.ubulk" 960
"D:/UnrealProjects/FishFlock/Content/Swordfish/Textures/T_Swordfish_OcclusionRoughnessMetallic.uasset" 961
"D:/UnrealProjects/FishFlock/Content/Swordfish/Textures/T_Swordfish_OcclusionRoughnessMetallic.uexp" 962
"D:/UnrealProjects/FishFlock/Content/Swordfish/Materials/M_Swordfish.uasset" 963
"D:/UnrealProjects/FishFlock/Content/Swordfish/Materials/M_Swordfish.uexp" 964
"D:/UnrealProjects/FishFlock/Content/Swordfish/Meshes/Skeleton_Swordfish.uasset" 965
"D:/UnrealProjects/FishFlock/Content/Swordfish/Meshes/Skeleton_Swordfish.uexp" 966
"D:/UnrealProjects/FishFlock/Content/Swordfish/Meshes/PhysicsAsset_Swordfish.uasset" 967
"D:/UnrealProjects/FishFlock/Content/Swordfish/Meshes/PhysicsAsset_Swordfish.uexp" 968
"D:/UnrealProjects/FishFlock/Content/Swordfish/Meshes/Mesh_Swordfish.uasset" 969
"D:/UnrealProjects/FishFlock/Content/Swordfish/Meshes/Mesh_Swordfish.uexp" 970
"D:/UnrealProjects/FishFlock/Content/Swordfish/Animations/Anim_Swordfish_Swim_Slow_F_IP.uasset" 971
"D:/UnrealProjects/FishFlock/Content/Swordfish/Animations/Anim_Swordfish_Swim_Slow_F_IP.uexp" 972
"D:/UnrealProjects/FishFlock/Content/Swordfish/Animations/Anim_Swordfish_Swim_Fast_F_IP.uasset" 973
"D:/UnrealProjects/FishFlock/Content/Swordfish/Animations/Anim_Swordfish_Swim_Fast_F_IP.uexp" 974
"D:/UnrealProjects/FishFlock/Content/Swordfish/Animations/Anim_Swordfish_Idle_1.uasset" 975
"D:/UnrealProjects/FishFlock/Content/Swordfish/Animations/Anim_Swordfish_Idle_1.uexp" 976
"D:/UnrealProjects/FishFlock/Content/Swordfish/Animations/Anim_Swordfish_Idle_2.uasset" 977
"D:/UnrealProjects/FishFlock/Content/Swordfish/Animations/Anim_Swordfish_Idle_2.uexp" 978
"D:/UnrealProjects/FishFlock/Content/Swordfish/Animations/Anim_Swordfish_Idle_3.uasset" 979
"D:/UnrealProjects/FishFlock/Content/Swordfish/Animations/Anim_Swordfish_Idle_3.uexp" 980
"D:/UnrealProjects/FishFlock/Content/_FishFlock/Predator/ABP_SwordFish.uasset" 981
"D:/UnrealProjects/FishFlock/Content/_FishFlock/Predator/ABP_SwordFish.uexp" 982
"D:/UnrealProjects/FishFlock/Content/Swordfish/Animations/Anim_Swordfish_Swim_Fast_Attack_1_IP.uasset" 983
"D:/UnrealProjects/FishFlock/Content/Swordfish/Animations/Anim_Swordfish_Swim_Fast_Attack_1_IP.uexp" 984
"D:/UnrealProjects/FishFlock/Content/Swordfish/Animations/Anim_Swordfish_Swim_Fast_Attack_1_IP_Montage.uasset" 985
"D:/UnrealProjects/FishFlock/Content/Swordfish/Animations/Anim_Swordfish_Swim_Fast_Attack_1_IP_Montage.uexp" 986
"D:/UnrealProjects/FishFlock/Content/_FishFlock/Predator/BP_PredatorCharacter.uasset" 987
"D:/UnrealProjects/FishFlock/Content/_FishFlock/Predator/BP_PredatorCharacter.uexp" 988
"D:/UnrealProjects/FishFlock/Content/_FishFlock/GameModes/GM_Predator.uasset" 989
"D:/UnrealProjects/FishFlock/Content/_FishFlock/GameModes/GM_Predator.uexp" 990
"D:/UnrealProjects/FishFlock/Content/_FishFlock/Maps/Underwater.uexp" 991
"D:/UnrealProjects/FishFlock/Content/_FishFlock/Maps/Underwater.ubulk" 992
"D:/UnrealProjects/FishFlock/Content/_FishFlock/Maps/Underwater.umap" 993
"../../../Engine/Content/Maps/Entry_BuiltData.uasset" 994
"../../../Engine/Content/Maps/Entry_BuiltData.uexp" 995
"../../../Engine/Content/Maps/Entry.uexp" 996
"../../../Engine/Content/Maps/Entry.umap" 997
